
  .   ____          _            __ _ _
 /\\ / ___'_ __ _ _(_)_ __  __ _ \ \ \ \
( ( )\___ | '_ | '_| | '_ \/ _` | \ \ \ \
 \\/  ___)| |_)| | | | | || (_| |  ) ) ) )
  '  |____| .__|_| |_|_| |_\__, | / / / /
 =========|_|==============|___/=/_/_/_/
[32m :: Spring Boot :: [39m             [2m (v2.7.12)[0;39m

[2m2025-04-11 12:02:38.959[0;39m [32m INFO[0;39m [35m37607[0;39m [2m---[0;39m [2m[           main][0;39m [36mcom.example.DummyJobFlowApplication     [0;39m [2m:[0;39m Starting DummyJobFlowApplication using Java 23.0.2 on APPLEs-MacBook-Pro.local with PID 37607 (/Users/sanjana/Downloads/dummy-job-flow/target/dummy-job-flow-1.0.0.jar started by sanjana in /Users/sanjana/Downloads/dummy-job-flow)
[2m2025-04-11 12:02:38.961[0;39m [32mDEBUG[0;39m [35m37607[0;39m [2m---[0;39m [2m[           main][0;39m [36mcom.example.DummyJobFlowApplication     [0;39m [2m:[0;39m Running with Spring Boot v2.7.12, Spring v5.3.27
[2m2025-04-11 12:02:38.961[0;39m [32m INFO[0;39m [35m37607[0;39m [2m---[0;39m [2m[           main][0;39m [36mcom.example.DummyJobFlowApplication     [0;39m [2m:[0;39m No active profile set, falling back to 1 default profile: "default"
[2m2025-04-11 12:02:39.417[0;39m [32m INFO[0;39m [35m37607[0;39m [2m---[0;39m [2m[           main][0;39m [36m.s.d.r.c.RepositoryConfigurationDelegate[0;39m [2m:[0;39m Multiple Spring Data modules found, entering strict repository configuration mode
[2m2025-04-11 12:02:39.418[0;39m [32m INFO[0;39m [35m37607[0;39m [2m---[0;39m [2m[           main][0;39m [36m.s.d.r.c.RepositoryConfigurationDelegate[0;39m [2m:[0;39m Bootstrapping Spring Data Redis repositories in DEFAULT mode.
[2m2025-04-11 12:02:39.435[0;39m [32m INFO[0;39m [35m37607[0;39m [2m---[0;39m [2m[           main][0;39m [36m.s.d.r.c.RepositoryConfigurationDelegate[0;39m [2m:[0;39m Finished Spring Data repository scanning in 4 ms. Found 0 Redis repository interfaces.
[2m2025-04-11 12:02:39.691[0;39m [32m INFO[0;39m [35m37607[0;39m [2m---[0;39m [2m[           main][0;39m [36mo.s.b.w.embedded.tomcat.TomcatWebServer [0;39m [2m:[0;39m Tomcat initialized with port(s): 8081 (http)
[2m2025-04-11 12:02:39.696[0;39m [32m INFO[0;39m [35m37607[0;39m [2m---[0;39m [2m[           main][0;39m [36mo.apache.catalina.core.StandardService  [0;39m [2m:[0;39m Starting service [Tomcat]
[2m2025-04-11 12:02:39.696[0;39m [32m INFO[0;39m [35m37607[0;39m [2m---[0;39m [2m[           main][0;39m [36morg.apache.catalina.core.StandardEngine [0;39m [2m:[0;39m Starting Servlet engine: [Apache Tomcat/9.0.75]
[2m2025-04-11 12:02:39.740[0;39m [32m INFO[0;39m [35m37607[0;39m [2m---[0;39m [2m[           main][0;39m [36mo.a.c.c.C.[Tomcat].[localhost].[/]      [0;39m [2m:[0;39m Initializing Spring embedded WebApplicationContext
[2m2025-04-11 12:02:39.740[0;39m [32m INFO[0;39m [35m37607[0;39m [2m---[0;39m [2m[           main][0;39m [36mw.s.c.ServletWebServerApplicationContext[0;39m [2m:[0;39m Root WebApplicationContext: initialization completed in 743 ms
[2m2025-04-11 12:02:40.304[0;39m [32mDEBUG[0;39m [35m37607[0;39m [2m---[0;39m [2m[           main][0;39m [36mo.s.d.r.l.RedisMessageListenerContainer [0;39m [2m:[0;39m Starting RedisMessageListenerContainer...
[2m2025-04-11 12:02:40.304[0;39m [32mDEBUG[0;39m [35m37607[0;39m [2m---[0;39m [2m[           main][0;39m [36mo.s.d.r.l.RedisMessageListenerContainer [0;39m [2m:[0;39m Postpone listening for Redis messages until actual listeners are added.
[2m2025-04-11 12:02:40.316[0;39m [32m INFO[0;39m [35m37607[0;39m [2m---[0;39m [2m[           main][0;39m [36mo.s.b.a.e.web.EndpointLinksResolver     [0;39m [2m:[0;39m Exposing 1 endpoint(s) beneath base path '/actuator'
[2m2025-04-11 12:02:40.338[0;39m [32m INFO[0;39m [35m37607[0;39m [2m---[0;39m [2m[           main][0;39m [36mo.s.b.w.embedded.tomcat.TomcatWebServer [0;39m [2m:[0;39m Tomcat started on port(s): 8081 (http) with context path ''
[2m2025-04-11 12:02:40.348[0;39m [32mDEBUG[0;39m [35m37607[0;39m [2m---[0;39m [2m[   scheduling-1][0;39m [36mo.s.d.redis.core.RedisConnectionUtils   [0;39m [2m:[0;39m Fetching Redis Connection from RedisConnectionFactory
[2m2025-04-11 12:02:40.348[0;39m [32m INFO[0;39m [35m37607[0;39m [2m---[0;39m [2m[           main][0;39m [36mcom.example.DummyJobFlowApplication     [0;39m [2m:[0;39m Started DummyJobFlowApplication in 1.609 seconds (JVM running for 1.966)
[2m2025-04-11 12:02:40.554[0;39m [32mDEBUG[0;39m [35m37607[0;39m [2m---[0;39m [2m[   scheduling-1][0;39m [36mo.s.d.redis.core.RedisConnectionUtils   [0;39m [2m:[0;39m Closing Redis Connection.
[2m2025-04-11 12:02:40.872[0;39m [32m INFO[0;39m [35m37607[0;39m [2m---[0;39m [2m[nio-8081-exec-1][0;39m [36mo.a.c.c.C.[Tomcat].[localhost].[/]      [0;39m [2m:[0;39m Initializing Spring DispatcherServlet 'dispatcherServlet'
[2m2025-04-11 12:02:40.872[0;39m [32m INFO[0;39m [35m37607[0;39m [2m---[0;39m [2m[nio-8081-exec-1][0;39m [36mo.s.web.servlet.DispatcherServlet       [0;39m [2m:[0;39m Initializing Servlet 'dispatcherServlet'
[2m2025-04-11 12:02:40.873[0;39m [32m INFO[0;39m [35m37607[0;39m [2m---[0;39m [2m[nio-8081-exec-1][0;39m [36mo.s.web.servlet.DispatcherServlet       [0;39m [2m:[0;39m Completed initialization in 1 ms
[2m2025-04-11 12:02:40.896[0;39m [32mDEBUG[0;39m [35m37607[0;39m [2m---[0;39m [2m[nio-8081-exec-1][0;39m [36mo.s.d.redis.core.RedisConnectionUtils   [0;39m [2m:[0;39m Fetching Redis Connection from RedisConnectionFactory
[2m2025-04-11 12:02:40.910[0;39m [32mDEBUG[0;39m [35m37607[0;39m [2m---[0;39m [2m[nio-8081-exec-1][0;39m [36mo.s.d.redis.core.RedisConnectionUtils   [0;39m [2m:[0;39m Closing Redis Connection.
[2m2025-04-11 12:02:45.350[0;39m [32mDEBUG[0;39m [35m37607[0;39m [2m---[0;39m [2m[   scheduling-1][0;39m [36mo.s.d.redis.core.RedisConnectionUtils   [0;39m [2m:[0;39m Fetching Redis Connection from RedisConnectionFactory
[2m2025-04-11 12:02:45.351[0;39m [32mDEBUG[0;39m [35m37607[0;39m [2m---[0;39m [2m[   scheduling-1][0;39m [36mo.s.d.redis.core.RedisConnectionUtils   [0;39m [2m:[0;39m Closing Redis Connection.
[2m2025-04-11 12:02:45.417[0;39m [32mDEBUG[0;39m [35m37607[0;39m [2m---[0;39m [2m[nio-8081-exec-3][0;39m [36mo.s.d.redis.core.RedisConnectionUtils   [0;39m [2m:[0;39m Fetching Redis Connection from RedisConnectionFactory
[2m2025-04-11 12:02:45.419[0;39m [32mDEBUG[0;39m [35m37607[0;39m [2m---[0;39m [2m[nio-8081-exec-3][0;39m [36mo.s.d.redis.core.RedisConnectionUtils   [0;39m [2m:[0;39m Closing Redis Connection.
[2m2025-04-11 12:02:50.351[0;39m [32mDEBUG[0;39m [35m37607[0;39m [2m---[0;39m [2m[   scheduling-1][0;39m [36mo.s.d.redis.core.RedisConnectionUtils   [0;39m [2m:[0;39m Fetching Redis Connection from RedisConnectionFactory
[2m2025-04-11 12:02:50.352[0;39m [32mDEBUG[0;39m [35m37607[0;39m [2m---[0;39m [2m[   scheduling-1][0;39m [36mo.s.d.redis.core.RedisConnectionUtils   [0;39m [2m:[0;39m Closing Redis Connection.
Processing job for user: user123
[2m2025-04-11 12:02:50.352[0;39m [32mDEBUG[0;39m [35m37607[0;39m [2m---[0;39m [2m[   scheduling-1][0;39m [36mo.s.d.redis.core.RedisConnectionUtils   [0;39m [2m:[0;39m Fetching Redis Connection from RedisConnectionFactory
[2m2025-04-11 12:02:50.354[0;39m [32mDEBUG[0;39m [35m37607[0;39m [2m---[0;39m [2m[   scheduling-1][0;39m [36mo.s.d.redis.core.RedisConnectionUtils   [0;39m [2m:[0;39m Closing Redis Connection.
[2m2025-04-11 12:02:50.362[0;39m [32mDEBUG[0;39m [35m37607[0;39m [2m---[0;39m [2m[   scheduling-1][0;39m [36mo.s.d.redis.core.RedisConnectionUtils   [0;39m [2m:[0;39m Fetching Redis Connection from RedisConnectionFactory
[2m2025-04-11 12:02:50.368[0;39m [32mDEBUG[0;39m [35m37607[0;39m [2m---[0;39m [2m[   scheduling-1][0;39m [36mo.s.d.redis.core.RedisConnectionUtils   [0;39m [2m:[0;39m Closing Redis Connection.
[2m2025-04-11 12:02:50.369[0;39m [32mDEBUG[0;39m [35m37607[0;39m [2m---[0;39m [2m[   scheduling-1][0;39m [36mo.s.d.redis.core.RedisConnectionUtils   [0;39m [2m:[0;39m Fetching Redis Connection from RedisConnectionFactory
[2m2025-04-11 12:02:50.372[0;39m [32mDEBUG[0;39m [35m37607[0;39m [2m---[0;39m [2m[   scheduling-1][0;39m [36mo.s.d.redis.core.RedisConnectionUtils   [0;39m [2m:[0;39m Closing Redis Connection.
[2m2025-04-11 12:02:52.745[0;39m [32mDEBUG[0;39m [35m37607[0;39m [2m---[0;39m [2m[nio-8081-exec-4][0;39m [36mo.s.d.redis.core.RedisConnectionUtils   [0;39m [2m:[0;39m Fetching Redis Connection from RedisConnectionFactory
[2m2025-04-11 12:02:52.757[0;39m [32mDEBUG[0;39m [35m37607[0;39m [2m---[0;39m [2m[nio-8081-exec-4][0;39m [36mo.s.d.redis.core.RedisConnectionUtils   [0;39m [2m:[0;39m Closing Redis Connection.
[2m2025-04-11 12:02:55.351[0;39m [32mDEBUG[0;39m [35m37607[0;39m [2m---[0;39m [2m[   scheduling-1][0;39m [36mo.s.d.redis.core.RedisConnectionUtils   [0;39m [2m:[0;39m Fetching Redis Connection from RedisConnectionFactory
[2m2025-04-11 12:02:55.357[0;39m [32mDEBUG[0;39m [35m37607[0;39m [2m---[0;39m [2m[   scheduling-1][0;39m [36mo.s.d.redis.core.RedisConnectionUtils   [0;39m [2m:[0;39m Closing Redis Connection.
[2m2025-04-11 12:03:00.349[0;39m [32mDEBUG[0;39m [35m37607[0;39m [2m---[0;39m [2m[   scheduling-1][0;39m [36mo.s.d.redis.core.RedisConnectionUtils   [0;39m [2m:[0;39m Fetching Redis Connection from RedisConnectionFactory
[2m2025-04-11 12:03:00.353[0;39m [32mDEBUG[0;39m [35m37607[0;39m [2m---[0;39m [2m[   scheduling-1][0;39m [36mo.s.d.redis.core.RedisConnectionUtils   [0;39m [2m:[0;39m Closing Redis Connection.
[2m2025-04-11 12:03:05.350[0;39m [32mDEBUG[0;39m [35m37607[0;39m [2m---[0;39m [2m[   scheduling-1][0;39m [36mo.s.d.redis.core.RedisConnectionUtils   [0;39m [2m:[0;39m Fetching Redis Connection from RedisConnectionFactory
[2m2025-04-11 12:03:05.351[0;39m [32mDEBUG[0;39m [35m37607[0;39m [2m---[0;39m [2m[   scheduling-1][0;39m [36mo.s.d.redis.core.RedisConnectionUtils   [0;39m [2m:[0;39m Closing Redis Connection.
[2m2025-04-11 12:03:10.351[0;39m [32mDEBUG[0;39m [35m37607[0;39m [2m---[0;39m [2m[   scheduling-1][0;39m [36mo.s.d.redis.core.RedisConnectionUtils   [0;39m [2m:[0;39m Fetching Redis Connection from RedisConnectionFactory
[2m2025-04-11 12:03:10.357[0;39m [32mDEBUG[0;39m [35m37607[0;39m [2m---[0;39m [2m[   scheduling-1][0;39m [36mo.s.d.redis.core.RedisConnectionUtils   [0;39m [2m:[0;39m Closing Redis Connection.
[2m2025-04-11 12:03:14.819[0;39m [32mDEBUG[0;39m [35m37607[0;39m [2m---[0;39m [2m[nio-8081-exec-6][0;39m [36mo.s.d.redis.core.RedisConnectionUtils   [0;39m [2m:[0;39m Fetching Redis Connection from RedisConnectionFactory
[2m2025-04-11 12:03:14.862[0;39m [32mDEBUG[0;39m [35m37607[0;39m [2m---[0;39m [2m[nio-8081-exec-6][0;39m [36mo.s.d.redis.core.RedisConnectionUtils   [0;39m [2m:[0;39m Closing Redis Connection.
[2m2025-04-11 12:03:15.351[0;39m [32mDEBUG[0;39m [35m37607[0;39m [2m---[0;39m [2m[   scheduling-1][0;39m [36mo.s.d.redis.core.RedisConnectionUtils   [0;39m [2m:[0;39m Fetching Redis Connection from RedisConnectionFactory
[2m2025-04-11 12:03:15.358[0;39m [32mDEBUG[0;39m [35m37607[0;39m [2m---[0;39m [2m[   scheduling-1][0;39m [36mo.s.d.redis.core.RedisConnectionUtils   [0;39m [2m:[0;39m Closing Redis Connection.
[2m2025-04-11 12:03:20.349[0;39m [32mDEBUG[0;39m [35m37607[0;39m [2m---[0;39m [2m[   scheduling-1][0;39m [36mo.s.d.redis.core.RedisConnectionUtils   [0;39m [2m:[0;39m Fetching Redis Connection from RedisConnectionFactory
[2m2025-04-11 12:03:20.352[0;39m [32mDEBUG[0;39m [35m37607[0;39m [2m---[0;39m [2m[   scheduling-1][0;39m [36mo.s.d.redis.core.RedisConnectionUtils   [0;39m [2m:[0;39m Closing Redis Connection.
[2m2025-04-11 12:03:25.346[0;39m [32mDEBUG[0;39m [35m37607[0;39m [2m---[0;39m [2m[   scheduling-1][0;39m [36mo.s.d.redis.core.RedisConnectionUtils   [0;39m [2m:[0;39m Fetching Redis Connection from RedisConnectionFactory
[2m2025-04-11 12:03:25.376[0;39m [32mDEBUG[0;39m [35m37607[0;39m [2m---[0;39m [2m[   scheduling-1][0;39m [36mo.s.d.redis.core.RedisConnectionUtils   [0;39m [2m:[0;39m Closing Redis Connection.
[2m2025-04-11 12:03:30.351[0;39m [32mDEBUG[0;39m [35m37607[0;39m [2m---[0;39m [2m[   scheduling-1][0;39m [36mo.s.d.redis.core.RedisConnectionUtils   [0;39m [2m:[0;39m Fetching Redis Connection from RedisConnectionFactory
[2m2025-04-11 12:03:30.354[0;39m [32mDEBUG[0;39m [35m37607[0;39m [2m---[0;39m [2m[   scheduling-1][0;39m [36mo.s.d.redis.core.RedisConnectionUtils   [0;39m [2m:[0;39m Closing Redis Connection.
[2m2025-04-11 12:03:35.350[0;39m [32mDEBUG[0;39m [35m37607[0;39m [2m---[0;39m [2m[   scheduling-1][0;39m [36mo.s.d.redis.core.RedisConnectionUtils   [0;39m [2m:[0;39m Fetching Redis Connection from RedisConnectionFactory
[2m2025-04-11 12:03:35.355[0;39m [32mDEBUG[0;39m [35m37607[0;39m [2m---[0;39m [2m[   scheduling-1][0;39m [36mo.s.d.redis.core.RedisConnectionUtils   [0;39m [2m:[0;39m Closing Redis Connection.
[2m2025-04-11 12:03:40.351[0;39m [32mDEBUG[0;39m [35m37607[0;39m [2m---[0;39m [2m[   scheduling-1][0;39m [36mo.s.d.redis.core.RedisConnectionUtils   [0;39m [2m:[0;39m Fetching Redis Connection from RedisConnectionFactory
[2m2025-04-11 12:03:40.357[0;39m [32mDEBUG[0;39m [35m37607[0;39m [2m---[0;39m [2m[   scheduling-1][0;39m [36mo.s.d.redis.core.RedisConnectionUtils   [0;39m [2m:[0;39m Closing Redis Connection.
[2m2025-04-11 12:03:45.347[0;39m [32mDEBUG[0;39m [35m37607[0;39m [2m---[0;39m [2m[   scheduling-1][0;39m [36mo.s.d.redis.core.RedisConnectionUtils   [0;39m [2m:[0;39m Fetching Redis Connection from RedisConnectionFactory
[2m2025-04-11 12:03:45.349[0;39m [32mDEBUG[0;39m [35m37607[0;39m [2m---[0;39m [2m[   scheduling-1][0;39m [36mo.s.d.redis.core.RedisConnectionUtils   [0;39m [2m:[0;39m Closing Redis Connection.
[2m2025-04-11 12:03:50.345[0;39m [32mDEBUG[0;39m [35m37607[0;39m [2m---[0;39m [2m[   scheduling-1][0;39m [36mo.s.d.redis.core.RedisConnectionUtils   [0;39m [2m:[0;39m Fetching Redis Connection from RedisConnectionFactory
[2m2025-04-11 12:03:50.347[0;39m [32mDEBUG[0;39m [35m37607[0;39m [2m---[0;39m [2m[   scheduling-1][0;39m [36mo.s.d.redis.core.RedisConnectionUtils   [0;39m [2m:[0;39m Closing Redis Connection.
[2m2025-04-11 12:03:55.346[0;39m [32mDEBUG[0;39m [35m37607[0;39m [2m---[0;39m [2m[   scheduling-1][0;39m [36mo.s.d.redis.core.RedisConnectionUtils   [0;39m [2m:[0;39m Fetching Redis Connection from RedisConnectionFactory
[2m2025-04-11 12:03:55.348[0;39m [32mDEBUG[0;39m [35m37607[0;39m [2m---[0;39m [2m[   scheduling-1][0;39m [36mo.s.d.redis.core.RedisConnectionUtils   [0;39m [2m:[0;39m Closing Redis Connection.
[2m2025-04-11 12:04:00.346[0;39m [32mDEBUG[0;39m [35m37607[0;39m [2m---[0;39m [2m[   scheduling-1][0;39m [36mo.s.d.redis.core.RedisConnectionUtils   [0;39m [2m:[0;39m Fetching Redis Connection from RedisConnectionFactory
[2m2025-04-11 12:04:00.349[0;39m [32mDEBUG[0;39m [35m37607[0;39m [2m---[0;39m [2m[   scheduling-1][0;39m [36mo.s.d.redis.core.RedisConnectionUtils   [0;39m [2m:[0;39m Closing Redis Connection.
[2m2025-04-11 12:04:05.345[0;39m [32mDEBUG[0;39m [35m37607[0;39m [2m---[0;39m [2m[   scheduling-1][0;39m [36mo.s.d.redis.core.RedisConnectionUtils   [0;39m [2m:[0;39m Fetching Redis Connection from RedisConnectionFactory
[2m2025-04-11 12:04:05.347[0;39m [32mDEBUG[0;39m [35m37607[0;39m [2m---[0;39m [2m[   scheduling-1][0;39m [36mo.s.d.redis.core.RedisConnectionUtils   [0;39m [2m:[0;39m Closing Redis Connection.
[2m2025-04-11 12:04:10.347[0;39m [32mDEBUG[0;39m [35m37607[0;39m [2m---[0;39m [2m[   scheduling-1][0;39m [36mo.s.d.redis.core.RedisConnectionUtils   [0;39m [2m:[0;39m Fetching Redis Connection from RedisConnectionFactory
[2m2025-04-11 12:04:10.351[0;39m [32mDEBUG[0;39m [35m37607[0;39m [2m---[0;39m [2m[   scheduling-1][0;39m [36mo.s.d.redis.core.RedisConnectionUtils   [0;39m [2m:[0;39m Closing Redis Connection.
[2m2025-04-11 12:04:15.349[0;39m [32mDEBUG[0;39m [35m37607[0;39m [2m---[0;39m [2m[   scheduling-1][0;39m [36mo.s.d.redis.core.RedisConnectionUtils   [0;39m [2m:[0;39m Fetching Redis Connection from RedisConnectionFactory
[2m2025-04-11 12:04:15.350[0;39m [32mDEBUG[0;39m [35m37607[0;39m [2m---[0;39m [2m[   scheduling-1][0;39m [36mo.s.d.redis.core.RedisConnectionUtils   [0;39m [2m:[0;39m Closing Redis Connection.
[2m2025-04-11 12:04:20.350[0;39m [32mDEBUG[0;39m [35m37607[0;39m [2m---[0;39m [2m[   scheduling-1][0;39m [36mo.s.d.redis.core.RedisConnectionUtils   [0;39m [2m:[0;39m Fetching Redis Connection from RedisConnectionFactory
[2m2025-04-11 12:04:20.356[0;39m [32mDEBUG[0;39m [35m37607[0;39m [2m---[0;39m [2m[   scheduling-1][0;39m [36mo.s.d.redis.core.RedisConnectionUtils   [0;39m [2m:[0;39m Closing Redis Connection.
[2m2025-04-11 12:04:25.347[0;39m [32mDEBUG[0;39m [35m37607[0;39m [2m---[0;39m [2m[   scheduling-1][0;39m [36mo.s.d.redis.core.RedisConnectionUtils   [0;39m [2m:[0;39m Fetching Redis Connection from RedisConnectionFactory
[2m2025-04-11 12:04:25.348[0;39m [32mDEBUG[0;39m [35m37607[0;39m [2m---[0;39m [2m[   scheduling-1][0;39m [36mo.s.d.redis.core.RedisConnectionUtils   [0;39m [2m:[0;39m Closing Redis Connection.
[2m2025-04-11 12:04:30.350[0;39m [32mDEBUG[0;39m [35m37607[0;39m [2m---[0;39m [2m[   scheduling-1][0;39m [36mo.s.d.redis.core.RedisConnectionUtils   [0;39m [2m:[0;39m Fetching Redis Connection from RedisConnectionFactory
[2m2025-04-11 12:04:30.354[0;39m [32mDEBUG[0;39m [35m37607[0;39m [2m---[0;39m [2m[   scheduling-1][0;39m [36mo.s.d.redis.core.RedisConnectionUtils   [0;39m [2m:[0;39m Closing Redis Connection.
[2m2025-04-11 12:04:35.348[0;39m [32mDEBUG[0;39m [35m37607[0;39m [2m---[0;39m [2m[   scheduling-1][0;39m [36mo.s.d.redis.core.RedisConnectionUtils   [0;39m [2m:[0;39m Fetching Redis Connection from RedisConnectionFactory
[2m2025-04-11 12:04:35.352[0;39m [32mDEBUG[0;39m [35m37607[0;39m [2m---[0;39m [2m[   scheduling-1][0;39m [36mo.s.d.redis.core.RedisConnectionUtils   [0;39m [2m:[0;39m Closing Redis Connection.
[2m2025-04-11 12:04:40.348[0;39m [32mDEBUG[0;39m [35m37607[0;39m [2m---[0;39m [2m[   scheduling-1][0;39m [36mo.s.d.redis.core.RedisConnectionUtils   [0;39m [2m:[0;39m Fetching Redis Connection from RedisConnectionFactory
[2m2025-04-11 12:04:40.353[0;39m [32mDEBUG[0;39m [35m37607[0;39m [2m---[0;39m [2m[   scheduling-1][0;39m [36mo.s.d.redis.core.RedisConnectionUtils   [0;39m [2m:[0;39m Closing Redis Connection.
[2m2025-04-11 12:04:45.350[0;39m [32mDEBUG[0;39m [35m37607[0;39m [2m---[0;39m [2m[   scheduling-1][0;39m [36mo.s.d.redis.core.RedisConnectionUtils   [0;39m [2m:[0;39m Fetching Redis Connection from RedisConnectionFactory
[2m2025-04-11 12:04:45.353[0;39m [32mDEBUG[0;39m [35m37607[0;39m [2m---[0;39m [2m[   scheduling-1][0;39m [36mo.s.d.redis.core.RedisConnectionUtils   [0;39m [2m:[0;39m Closing Redis Connection.
[2m2025-04-11 12:04:50.351[0;39m [32mDEBUG[0;39m [35m37607[0;39m [2m---[0;39m [2m[   scheduling-1][0;39m [36mo.s.d.redis.core.RedisConnectionUtils   [0;39m [2m:[0;39m Fetching Redis Connection from RedisConnectionFactory
[2m2025-04-11 12:04:50.357[0;39m [32mDEBUG[0;39m [35m37607[0;39m [2m---[0;39m [2m[   scheduling-1][0;39m [36mo.s.d.redis.core.RedisConnectionUtils   [0;39m [2m:[0;39m Closing Redis Connection.
[2m2025-04-11 12:04:55.348[0;39m [32mDEBUG[0;39m [35m37607[0;39m [2m---[0;39m [2m[   scheduling-1][0;39m [36mo.s.d.redis.core.RedisConnectionUtils   [0;39m [2m:[0;39m Fetching Redis Connection from RedisConnectionFactory
[2m2025-04-11 12:04:55.352[0;39m [32mDEBUG[0;39m [35m37607[0;39m [2m---[0;39m [2m[   scheduling-1][0;39m [36mo.s.d.redis.core.RedisConnectionUtils   [0;39m [2m:[0;39m Closing Redis Connection.
[2m2025-04-11 12:05:00.348[0;39m [32mDEBUG[0;39m [35m37607[0;39m [2m---[0;39m [2m[   scheduling-1][0;39m [36mo.s.d.redis.core.RedisConnectionUtils   [0;39m [2m:[0;39m Fetching Redis Connection from RedisConnectionFactory
[2m2025-04-11 12:05:00.350[0;39m [32mDEBUG[0;39m [35m37607[0;39m [2m---[0;39m [2m[   scheduling-1][0;39m [36mo.s.d.redis.core.RedisConnectionUtils   [0;39m [2m:[0;39m Closing Redis Connection.
[2m2025-04-11 12:05:05.349[0;39m [32mDEBUG[0;39m [35m37607[0;39m [2m---[0;39m [2m[   scheduling-1][0;39m [36mo.s.d.redis.core.RedisConnectionUtils   [0;39m [2m:[0;39m Fetching Redis Connection from RedisConnectionFactory
[2m2025-04-11 12:05:05.352[0;39m [32mDEBUG[0;39m [35m37607[0;39m [2m---[0;39m [2m[   scheduling-1][0;39m [36mo.s.d.redis.core.RedisConnectionUtils   [0;39m [2m:[0;39m Closing Redis Connection.
[2m2025-04-11 12:05:10.348[0;39m [32mDEBUG[0;39m [35m37607[0;39m [2m---[0;39m [2m[   scheduling-1][0;39m [36mo.s.d.redis.core.RedisConnectionUtils   [0;39m [2m:[0;39m Fetching Redis Connection from RedisConnectionFactory
[2m2025-04-11 12:05:10.352[0;39m [32mDEBUG[0;39m [35m37607[0;39m [2m---[0;39m [2m[   scheduling-1][0;39m [36mo.s.d.redis.core.RedisConnectionUtils   [0;39m [2m:[0;39m Closing Redis Connection.
[2m2025-04-11 12:05:15.350[0;39m [32mDEBUG[0;39m [35m37607[0;39m [2m---[0;39m [2m[   scheduling-1][0;39m [36mo.s.d.redis.core.RedisConnectionUtils   [0;39m [2m:[0;39m Fetching Redis Connection from RedisConnectionFactory
[2m2025-04-11 12:05:15.356[0;39m [32mDEBUG[0;39m [35m37607[0;39m [2m---[0;39m [2m[   scheduling-1][0;39m [36mo.s.d.redis.core.RedisConnectionUtils   [0;39m [2m:[0;39m Closing Redis Connection.
[2m2025-04-11 12:05:20.349[0;39m [32mDEBUG[0;39m [35m37607[0;39m [2m---[0;39m [2m[   scheduling-1][0;39m [36mo.s.d.redis.core.RedisConnectionUtils   [0;39m [2m:[0;39m Fetching Redis Connection from RedisConnectionFactory
[2m2025-04-11 12:05:20.355[0;39m [32mDEBUG[0;39m [35m37607[0;39m [2m---[0;39m [2m[   scheduling-1][0;39m [36mo.s.d.redis.core.RedisConnectionUtils   [0;39m [2m:[0;39m Closing Redis Connection.
[2m2025-04-11 12:05:25.350[0;39m [32mDEBUG[0;39m [35m37607[0;39m [2m---[0;39m [2m[   scheduling-1][0;39m [36mo.s.d.redis.core.RedisConnectionUtils   [0;39m [2m:[0;39m Fetching Redis Connection from RedisConnectionFactory
[2m2025-04-11 12:05:25.355[0;39m [32mDEBUG[0;39m [35m37607[0;39m [2m---[0;39m [2m[   scheduling-1][0;39m [36mo.s.d.redis.core.RedisConnectionUtils   [0;39m [2m:[0;39m Closing Redis Connection.
[2m2025-04-11 12:05:30.354[0;39m [32mDEBUG[0;39m [35m37607[0;39m [2m---[0;39m [2m[   scheduling-1][0;39m [36mo.s.d.redis.core.RedisConnectionUtils   [0;39m [2m:[0;39m Fetching Redis Connection from RedisConnectionFactory
[2m2025-04-11 12:05:30.367[0;39m [32mDEBUG[0;39m [35m37607[0;39m [2m---[0;39m [2m[   scheduling-1][0;39m [36mo.s.d.redis.core.RedisConnectionUtils   [0;39m [2m:[0;39m Closing Redis Connection.
[2m2025-04-11 12:05:35.349[0;39m [32mDEBUG[0;39m [35m37607[0;39m [2m---[0;39m [2m[   scheduling-1][0;39m [36mo.s.d.redis.core.RedisConnectionUtils   [0;39m [2m:[0;39m Fetching Redis Connection from RedisConnectionFactory
[2m2025-04-11 12:05:35.354[0;39m [32mDEBUG[0;39m [35m37607[0;39m [2m---[0;39m [2m[   scheduling-1][0;39m [36mo.s.d.redis.core.RedisConnectionUtils   [0;39m [2m:[0;39m Closing Redis Connection.
[2m2025-04-11 12:05:40.349[0;39m [32mDEBUG[0;39m [35m37607[0;39m [2m---[0;39m [2m[   scheduling-1][0;39m [36mo.s.d.redis.core.RedisConnectionUtils   [0;39m [2m:[0;39m Fetching Redis Connection from RedisConnectionFactory
[2m2025-04-11 12:05:40.353[0;39m [32mDEBUG[0;39m [35m37607[0;39m [2m---[0;39m [2m[   scheduling-1][0;39m [36mo.s.d.redis.core.RedisConnectionUtils   [0;39m [2m:[0;39m Closing Redis Connection.
[2m2025-04-11 12:05:45.348[0;39m [32mDEBUG[0;39m [35m37607[0;39m [2m---[0;39m [2m[   scheduling-1][0;39m [36mo.s.d.redis.core.RedisConnectionUtils   [0;39m [2m:[0;39m Fetching Redis Connection from RedisConnectionFactory
[2m2025-04-11 12:05:45.352[0;39m [32mDEBUG[0;39m [35m37607[0;39m [2m---[0;39m [2m[   scheduling-1][0;39m [36mo.s.d.redis.core.RedisConnectionUtils   [0;39m [2m:[0;39m Closing Redis Connection.
[2m2025-04-11 12:05:50.349[0;39m [32mDEBUG[0;39m [35m37607[0;39m [2m---[0;39m [2m[   scheduling-1][0;39m [36mo.s.d.redis.core.RedisConnectionUtils   [0;39m [2m:[0;39m Fetching Redis Connection from RedisConnectionFactory
[2m2025-04-11 12:05:50.355[0;39m [32mDEBUG[0;39m [35m37607[0;39m [2m---[0;39m [2m[   scheduling-1][0;39m [36mo.s.d.redis.core.RedisConnectionUtils   [0;39m [2m:[0;39m Closing Redis Connection.
[2m2025-04-11 12:05:55.349[0;39m [32mDEBUG[0;39m [35m37607[0;39m [2m---[0;39m [2m[   scheduling-1][0;39m [36mo.s.d.redis.core.RedisConnectionUtils   [0;39m [2m:[0;39m Fetching Redis Connection from RedisConnectionFactory
[2m2025-04-11 12:05:55.353[0;39m [32mDEBUG[0;39m [35m37607[0;39m [2m---[0;39m [2m[   scheduling-1][0;39m [36mo.s.d.redis.core.RedisConnectionUtils   [0;39m [2m:[0;39m Closing Redis Connection.
[2m2025-04-11 12:06:00.356[0;39m [32mDEBUG[0;39m [35m37607[0;39m [2m---[0;39m [2m[   scheduling-1][0;39m [36mo.s.d.redis.core.RedisConnectionUtils   [0;39m [2m:[0;39m Fetching Redis Connection from RedisConnectionFactory
[2m2025-04-11 12:06:00.361[0;39m [32mDEBUG[0;39m [35m37607[0;39m [2m---[0;39m [2m[   scheduling-1][0;39m [36mo.s.d.redis.core.RedisConnectionUtils   [0;39m [2m:[0;39m Closing Redis Connection.
[2m2025-04-11 12:06:05.365[0;39m [32mDEBUG[0;39m [35m37607[0;39m [2m---[0;39m [2m[   scheduling-1][0;39m [36mo.s.d.redis.core.RedisConnectionUtils   [0;39m [2m:[0;39m Fetching Redis Connection from RedisConnectionFactory
[2m2025-04-11 12:06:05.369[0;39m [32mDEBUG[0;39m [35m37607[0;39m [2m---[0;39m [2m[   scheduling-1][0;39m [36mo.s.d.redis.core.RedisConnectionUtils   [0;39m [2m:[0;39m Closing Redis Connection.
[2m2025-04-11 12:06:10.372[0;39m [32mDEBUG[0;39m [35m37607[0;39m [2m---[0;39m [2m[   scheduling-1][0;39m [36mo.s.d.redis.core.RedisConnectionUtils   [0;39m [2m:[0;39m Fetching Redis Connection from RedisConnectionFactory
[2m2025-04-11 12:06:10.378[0;39m [32mDEBUG[0;39m [35m37607[0;39m [2m---[0;39m [2m[   scheduling-1][0;39m [36mo.s.d.redis.core.RedisConnectionUtils   [0;39m [2m:[0;39m Closing Redis Connection.
[2m2025-04-11 12:06:15.375[0;39m [32mDEBUG[0;39m [35m37607[0;39m [2m---[0;39m [2m[   scheduling-1][0;39m [36mo.s.d.redis.core.RedisConnectionUtils   [0;39m [2m:[0;39m Fetching Redis Connection from RedisConnectionFactory
[2m2025-04-11 12:06:15.379[0;39m [32mDEBUG[0;39m [35m37607[0;39m [2m---[0;39m [2m[   scheduling-1][0;39m [36mo.s.d.redis.core.RedisConnectionUtils   [0;39m [2m:[0;39m Closing Redis Connection.
[2m2025-04-11 12:06:20.379[0;39m [32mDEBUG[0;39m [35m37607[0;39m [2m---[0;39m [2m[   scheduling-1][0;39m [36mo.s.d.redis.core.RedisConnectionUtils   [0;39m [2m:[0;39m Fetching Redis Connection from RedisConnectionFactory
[2m2025-04-11 12:06:20.382[0;39m [32mDEBUG[0;39m [35m37607[0;39m [2m---[0;39m [2m[   scheduling-1][0;39m [36mo.s.d.redis.core.RedisConnectionUtils   [0;39m [2m:[0;39m Closing Redis Connection.
[2m2025-04-11 12:06:25.381[0;39m [32mDEBUG[0;39m [35m37607[0;39m [2m---[0;39m [2m[   scheduling-1][0;39m [36mo.s.d.redis.core.RedisConnectionUtils   [0;39m [2m:[0;39m Fetching Redis Connection from RedisConnectionFactory
[2m2025-04-11 12:06:25.383[0;39m [32mDEBUG[0;39m [35m37607[0;39m [2m---[0;39m [2m[   scheduling-1][0;39m [36mo.s.d.redis.core.RedisConnectionUtils   [0;39m [2m:[0;39m Closing Redis Connection.
[2m2025-04-11 12:06:30.382[0;39m [32mDEBUG[0;39m [35m37607[0;39m [2m---[0;39m [2m[   scheduling-1][0;39m [36mo.s.d.redis.core.RedisConnectionUtils   [0;39m [2m:[0;39m Fetching Redis Connection from RedisConnectionFactory
[2m2025-04-11 12:06:30.387[0;39m [32mDEBUG[0;39m [35m37607[0;39m [2m---[0;39m [2m[   scheduling-1][0;39m [36mo.s.d.redis.core.RedisConnectionUtils   [0;39m [2m:[0;39m Closing Redis Connection.
[2m2025-04-11 12:06:35.383[0;39m [32mDEBUG[0;39m [35m37607[0;39m [2m---[0;39m [2m[   scheduling-1][0;39m [36mo.s.d.redis.core.RedisConnectionUtils   [0;39m [2m:[0;39m Fetching Redis Connection from RedisConnectionFactory
[2m2025-04-11 12:06:35.385[0;39m [32mDEBUG[0;39m [35m37607[0;39m [2m---[0;39m [2m[   scheduling-1][0;39m [36mo.s.d.redis.core.RedisConnectionUtils   [0;39m [2m:[0;39m Closing Redis Connection.
[2m2025-04-11 12:06:40.381[0;39m [32mDEBUG[0;39m [35m37607[0;39m [2m---[0;39m [2m[   scheduling-1][0;39m [36mo.s.d.redis.core.RedisConnectionUtils   [0;39m [2m:[0;39m Fetching Redis Connection from RedisConnectionFactory
[2m2025-04-11 12:06:40.386[0;39m [32mDEBUG[0;39m [35m37607[0;39m [2m---[0;39m [2m[   scheduling-1][0;39m [36mo.s.d.redis.core.RedisConnectionUtils   [0;39m [2m:[0;39m Closing Redis Connection.
[2m2025-04-11 12:06:45.383[0;39m [32mDEBUG[0;39m [35m37607[0;39m [2m---[0;39m [2m[   scheduling-1][0;39m [36mo.s.d.redis.core.RedisConnectionUtils   [0;39m [2m:[0;39m Fetching Redis Connection from RedisConnectionFactory
[2m2025-04-11 12:06:45.388[0;39m [32mDEBUG[0;39m [35m37607[0;39m [2m---[0;39m [2m[   scheduling-1][0;39m [36mo.s.d.redis.core.RedisConnectionUtils   [0;39m [2m:[0;39m Closing Redis Connection.
[2m2025-04-11 12:06:50.382[0;39m [32mDEBUG[0;39m [35m37607[0;39m [2m---[0;39m [2m[   scheduling-1][0;39m [36mo.s.d.redis.core.RedisConnectionUtils   [0;39m [2m:[0;39m Fetching Redis Connection from RedisConnectionFactory
[2m2025-04-11 12:06:50.384[0;39m [32mDEBUG[0;39m [35m37607[0;39m [2m---[0;39m [2m[   scheduling-1][0;39m [36mo.s.d.redis.core.RedisConnectionUtils   [0;39m [2m:[0;39m Closing Redis Connection.
[2m2025-04-11 12:06:55.386[0;39m [32mDEBUG[0;39m [35m37607[0;39m [2m---[0;39m [2m[   scheduling-1][0;39m [36mo.s.d.redis.core.RedisConnectionUtils   [0;39m [2m:[0;39m Fetching Redis Connection from RedisConnectionFactory
[2m2025-04-11 12:06:55.392[0;39m [32mDEBUG[0;39m [35m37607[0;39m [2m---[0;39m [2m[   scheduling-1][0;39m [36mo.s.d.redis.core.RedisConnectionUtils   [0;39m [2m:[0;39m Closing Redis Connection.
[2m2025-04-11 12:07:00.386[0;39m [32mDEBUG[0;39m [35m37607[0;39m [2m---[0;39m [2m[   scheduling-1][0;39m [36mo.s.d.redis.core.RedisConnectionUtils   [0;39m [2m:[0;39m Fetching Redis Connection from RedisConnectionFactory
[2m2025-04-11 12:07:00.388[0;39m [32mDEBUG[0;39m [35m37607[0;39m [2m---[0;39m [2m[   scheduling-1][0;39m [36mo.s.d.redis.core.RedisConnectionUtils   [0;39m [2m:[0;39m Closing Redis Connection.
[2m2025-04-11 12:07:05.387[0;39m [32mDEBUG[0;39m [35m37607[0;39m [2m---[0;39m [2m[   scheduling-1][0;39m [36mo.s.d.redis.core.RedisConnectionUtils   [0;39m [2m:[0;39m Fetching Redis Connection from RedisConnectionFactory
[2m2025-04-11 12:07:05.388[0;39m [32mDEBUG[0;39m [35m37607[0;39m [2m---[0;39m [2m[   scheduling-1][0;39m [36mo.s.d.redis.core.RedisConnectionUtils   [0;39m [2m:[0;39m Closing Redis Connection.
[2m2025-04-11 12:07:10.386[0;39m [32mDEBUG[0;39m [35m37607[0;39m [2m---[0;39m [2m[   scheduling-1][0;39m [36mo.s.d.redis.core.RedisConnectionUtils   [0;39m [2m:[0;39m Fetching Redis Connection from RedisConnectionFactory
[2m2025-04-11 12:07:10.388[0;39m [32mDEBUG[0;39m [35m37607[0;39m [2m---[0;39m [2m[   scheduling-1][0;39m [36mo.s.d.redis.core.RedisConnectionUtils   [0;39m [2m:[0;39m Closing Redis Connection.
[2m2025-04-11 12:07:15.386[0;39m [32mDEBUG[0;39m [35m37607[0;39m [2m---[0;39m [2m[   scheduling-1][0;39m [36mo.s.d.redis.core.RedisConnectionUtils   [0;39m [2m:[0;39m Fetching Redis Connection from RedisConnectionFactory
[2m2025-04-11 12:07:15.387[0;39m [32mDEBUG[0;39m [35m37607[0;39m [2m---[0;39m [2m[   scheduling-1][0;39m [36mo.s.d.redis.core.RedisConnectionUtils   [0;39m [2m:[0;39m Closing Redis Connection.
[2m2025-04-11 12:07:20.386[0;39m [32mDEBUG[0;39m [35m37607[0;39m [2m---[0;39m [2m[   scheduling-1][0;39m [36mo.s.d.redis.core.RedisConnectionUtils   [0;39m [2m:[0;39m Fetching Redis Connection from RedisConnectionFactory
[2m2025-04-11 12:07:20.388[0;39m [32mDEBUG[0;39m [35m37607[0;39m [2m---[0;39m [2m[   scheduling-1][0;39m [36mo.s.d.redis.core.RedisConnectionUtils   [0;39m [2m:[0;39m Closing Redis Connection.
[2m2025-04-11 12:07:25.382[0;39m [32mDEBUG[0;39m [35m37607[0;39m [2m---[0;39m [2m[   scheduling-1][0;39m [36mo.s.d.redis.core.RedisConnectionUtils   [0;39m [2m:[0;39m Fetching Redis Connection from RedisConnectionFactory
[2m2025-04-11 12:07:25.382[0;39m [32mDEBUG[0;39m [35m37607[0;39m [2m---[0;39m [2m[   scheduling-1][0;39m [36mo.s.d.redis.core.RedisConnectionUtils   [0;39m [2m:[0;39m Closing Redis Connection.
[2m2025-04-11 12:07:30.387[0;39m [32mDEBUG[0;39m [35m37607[0;39m [2m---[0;39m [2m[   scheduling-1][0;39m [36mo.s.d.redis.core.RedisConnectionUtils   [0;39m [2m:[0;39m Fetching Redis Connection from RedisConnectionFactory
[2m2025-04-11 12:07:30.392[0;39m [32mDEBUG[0;39m [35m37607[0;39m [2m---[0;39m [2m[   scheduling-1][0;39m [36mo.s.d.redis.core.RedisConnectionUtils   [0;39m [2m:[0;39m Closing Redis Connection.
[2m2025-04-11 12:07:35.382[0;39m [32mDEBUG[0;39m [35m37607[0;39m [2m---[0;39m [2m[   scheduling-1][0;39m [36mo.s.d.redis.core.RedisConnectionUtils   [0;39m [2m:[0;39m Fetching Redis Connection from RedisConnectionFactory
[2m2025-04-11 12:07:35.383[0;39m [32mDEBUG[0;39m [35m37607[0;39m [2m---[0;39m [2m[   scheduling-1][0;39m [36mo.s.d.redis.core.RedisConnectionUtils   [0;39m [2m:[0;39m Closing Redis Connection.
[2m2025-04-11 12:07:40.388[0;39m [32mDEBUG[0;39m [35m37607[0;39m [2m---[0;39m [2m[   scheduling-1][0;39m [36mo.s.d.redis.core.RedisConnectionUtils   [0;39m [2m:[0;39m Fetching Redis Connection from RedisConnectionFactory
[2m2025-04-11 12:07:40.396[0;39m [32mDEBUG[0;39m [35m37607[0;39m [2m---[0;39m [2m[   scheduling-1][0;39m [36mo.s.d.redis.core.RedisConnectionUtils   [0;39m [2m:[0;39m Closing Redis Connection.
[2m2025-04-11 12:07:45.387[0;39m [32mDEBUG[0;39m [35m37607[0;39m [2m---[0;39m [2m[   scheduling-1][0;39m [36mo.s.d.redis.core.RedisConnectionUtils   [0;39m [2m:[0;39m Fetching Redis Connection from RedisConnectionFactory
[2m2025-04-11 12:07:45.390[0;39m [32mDEBUG[0;39m [35m37607[0;39m [2m---[0;39m [2m[   scheduling-1][0;39m [36mo.s.d.redis.core.RedisConnectionUtils   [0;39m [2m:[0;39m Closing Redis Connection.
[2m2025-04-11 12:07:50.387[0;39m [32mDEBUG[0;39m [35m37607[0;39m [2m---[0;39m [2m[   scheduling-1][0;39m [36mo.s.d.redis.core.RedisConnectionUtils   [0;39m [2m:[0;39m Fetching Redis Connection from RedisConnectionFactory
[2m2025-04-11 12:07:50.393[0;39m [32mDEBUG[0;39m [35m37607[0;39m [2m---[0;39m [2m[   scheduling-1][0;39m [36mo.s.d.redis.core.RedisConnectionUtils   [0;39m [2m:[0;39m Closing Redis Connection.
[2m2025-04-11 12:07:55.386[0;39m [32mDEBUG[0;39m [35m37607[0;39m [2m---[0;39m [2m[   scheduling-1][0;39m [36mo.s.d.redis.core.RedisConnectionUtils   [0;39m [2m:[0;39m Fetching Redis Connection from RedisConnectionFactory
[2m2025-04-11 12:07:55.388[0;39m [32mDEBUG[0;39m [35m37607[0;39m [2m---[0;39m [2m[   scheduling-1][0;39m [36mo.s.d.redis.core.RedisConnectionUtils   [0;39m [2m:[0;39m Closing Redis Connection.
[2m2025-04-11 12:08:00.387[0;39m [32mDEBUG[0;39m [35m37607[0;39m [2m---[0;39m [2m[   scheduling-1][0;39m [36mo.s.d.redis.core.RedisConnectionUtils   [0;39m [2m:[0;39m Fetching Redis Connection from RedisConnectionFactory
[2m2025-04-11 12:08:00.406[0;39m [32mDEBUG[0;39m [35m37607[0;39m [2m---[0;39m [2m[   scheduling-1][0;39m [36mo.s.d.redis.core.RedisConnectionUtils   [0;39m [2m:[0;39m Closing Redis Connection.
[2m2025-04-11 12:08:05.388[0;39m [32mDEBUG[0;39m [35m37607[0;39m [2m---[0;39m [2m[   scheduling-1][0;39m [36mo.s.d.redis.core.RedisConnectionUtils   [0;39m [2m:[0;39m Fetching Redis Connection from RedisConnectionFactory
[2m2025-04-11 12:08:05.390[0;39m [32mDEBUG[0;39m [35m37607[0;39m [2m---[0;39m [2m[   scheduling-1][0;39m [36mo.s.d.redis.core.RedisConnectionUtils   [0;39m [2m:[0;39m Closing Redis Connection.
[2m2025-04-11 12:08:10.387[0;39m [32mDEBUG[0;39m [35m37607[0;39m [2m---[0;39m [2m[   scheduling-1][0;39m [36mo.s.d.redis.core.RedisConnectionUtils   [0;39m [2m:[0;39m Fetching Redis Connection from RedisConnectionFactory
[2m2025-04-11 12:08:10.389[0;39m [32mDEBUG[0;39m [35m37607[0;39m [2m---[0;39m [2m[   scheduling-1][0;39m [36mo.s.d.redis.core.RedisConnectionUtils   [0;39m [2m:[0;39m Closing Redis Connection.
[2m2025-04-11 12:08:15.387[0;39m [32mDEBUG[0;39m [35m37607[0;39m [2m---[0;39m [2m[   scheduling-1][0;39m [36mo.s.d.redis.core.RedisConnectionUtils   [0;39m [2m:[0;39m Fetching Redis Connection from RedisConnectionFactory
[2m2025-04-11 12:08:15.405[0;39m [32mDEBUG[0;39m [35m37607[0;39m [2m---[0;39m [2m[   scheduling-1][0;39m [36mo.s.d.redis.core.RedisConnectionUtils   [0;39m [2m:[0;39m Closing Redis Connection.
[2m2025-04-11 12:08:20.383[0;39m [32mDEBUG[0;39m [35m37607[0;39m [2m---[0;39m [2m[   scheduling-1][0;39m [36mo.s.d.redis.core.RedisConnectionUtils   [0;39m [2m:[0;39m Fetching Redis Connection from RedisConnectionFactory
[2m2025-04-11 12:08:20.386[0;39m [32mDEBUG[0;39m [35m37607[0;39m [2m---[0;39m [2m[   scheduling-1][0;39m [36mo.s.d.redis.core.RedisConnectionUtils   [0;39m [2m:[0;39m Closing Redis Connection.
[2m2025-04-11 12:08:25.387[0;39m [32mDEBUG[0;39m [35m37607[0;39m [2m---[0;39m [2m[   scheduling-1][0;39m [36mo.s.d.redis.core.RedisConnectionUtils   [0;39m [2m:[0;39m Fetching Redis Connection from RedisConnectionFactory
[2m2025-04-11 12:08:25.394[0;39m [32mDEBUG[0;39m [35m37607[0;39m [2m---[0;39m [2m[   scheduling-1][0;39m [36mo.s.d.redis.core.RedisConnectionUtils   [0;39m [2m:[0;39m Closing Redis Connection.
[2m2025-04-11 12:08:30.386[0;39m [32mDEBUG[0;39m [35m37607[0;39m [2m---[0;39m [2m[   scheduling-1][0;39m [36mo.s.d.redis.core.RedisConnectionUtils   [0;39m [2m:[0;39m Fetching Redis Connection from RedisConnectionFactory
[2m2025-04-11 12:08:30.394[0;39m [32mDEBUG[0;39m [35m37607[0;39m [2m---[0;39m [2m[   scheduling-1][0;39m [36mo.s.d.redis.core.RedisConnectionUtils   [0;39m [2m:[0;39m Closing Redis Connection.
[2m2025-04-11 12:08:35.384[0;39m [32mDEBUG[0;39m [35m37607[0;39m [2m---[0;39m [2m[   scheduling-1][0;39m [36mo.s.d.redis.core.RedisConnectionUtils   [0;39m [2m:[0;39m Fetching Redis Connection from RedisConnectionFactory
[2m2025-04-11 12:08:35.385[0;39m [32mDEBUG[0;39m [35m37607[0;39m [2m---[0;39m [2m[   scheduling-1][0;39m [36mo.s.d.redis.core.RedisConnectionUtils   [0;39m [2m:[0;39m Closing Redis Connection.
[2m2025-04-11 12:08:40.382[0;39m [32mDEBUG[0;39m [35m37607[0;39m [2m---[0;39m [2m[   scheduling-1][0;39m [36mo.s.d.redis.core.RedisConnectionUtils   [0;39m [2m:[0;39m Fetching Redis Connection from RedisConnectionFactory
[2m2025-04-11 12:08:40.384[0;39m [32mDEBUG[0;39m [35m37607[0;39m [2m---[0;39m [2m[   scheduling-1][0;39m [36mo.s.d.redis.core.RedisConnectionUtils   [0;39m [2m:[0;39m Closing Redis Connection.
[2m2025-04-11 12:08:45.386[0;39m [32mDEBUG[0;39m [35m37607[0;39m [2m---[0;39m [2m[   scheduling-1][0;39m [36mo.s.d.redis.core.RedisConnectionUtils   [0;39m [2m:[0;39m Fetching Redis Connection from RedisConnectionFactory
[2m2025-04-11 12:08:45.391[0;39m [32mDEBUG[0;39m [35m37607[0;39m [2m---[0;39m [2m[   scheduling-1][0;39m [36mo.s.d.redis.core.RedisConnectionUtils   [0;39m [2m:[0;39m Closing Redis Connection.
[2m2025-04-11 12:08:50.383[0;39m [32mDEBUG[0;39m [35m37607[0;39m [2m---[0;39m [2m[   scheduling-1][0;39m [36mo.s.d.redis.core.RedisConnectionUtils   [0;39m [2m:[0;39m Fetching Redis Connection from RedisConnectionFactory
[2m2025-04-11 12:08:50.384[0;39m [32mDEBUG[0;39m [35m37607[0;39m [2m---[0;39m [2m[   scheduling-1][0;39m [36mo.s.d.redis.core.RedisConnectionUtils   [0;39m [2m:[0;39m Closing Redis Connection.
[2m2025-04-11 12:08:55.385[0;39m [32mDEBUG[0;39m [35m37607[0;39m [2m---[0;39m [2m[   scheduling-1][0;39m [36mo.s.d.redis.core.RedisConnectionUtils   [0;39m [2m:[0;39m Fetching Redis Connection from RedisConnectionFactory
[2m2025-04-11 12:08:55.387[0;39m [32mDEBUG[0;39m [35m37607[0;39m [2m---[0;39m [2m[   scheduling-1][0;39m [36mo.s.d.redis.core.RedisConnectionUtils   [0;39m [2m:[0;39m Closing Redis Connection.
[2m2025-04-11 12:09:00.383[0;39m [32mDEBUG[0;39m [35m37607[0;39m [2m---[0;39m [2m[   scheduling-1][0;39m [36mo.s.d.redis.core.RedisConnectionUtils   [0;39m [2m:[0;39m Fetching Redis Connection from RedisConnectionFactory
[2m2025-04-11 12:09:00.388[0;39m [32mDEBUG[0;39m [35m37607[0;39m [2m---[0;39m [2m[   scheduling-1][0;39m [36mo.s.d.redis.core.RedisConnectionUtils   [0;39m [2m:[0;39m Closing Redis Connection.
[2m2025-04-11 12:09:05.383[0;39m [32mDEBUG[0;39m [35m37607[0;39m [2m---[0;39m [2m[   scheduling-1][0;39m [36mo.s.d.redis.core.RedisConnectionUtils   [0;39m [2m:[0;39m Fetching Redis Connection from RedisConnectionFactory
[2m2025-04-11 12:09:05.387[0;39m [32mDEBUG[0;39m [35m37607[0;39m [2m---[0;39m [2m[   scheduling-1][0;39m [36mo.s.d.redis.core.RedisConnectionUtils   [0;39m [2m:[0;39m Closing Redis Connection.
[2m2025-04-11 12:09:10.385[0;39m [32mDEBUG[0;39m [35m37607[0;39m [2m---[0;39m [2m[   scheduling-1][0;39m [36mo.s.d.redis.core.RedisConnectionUtils   [0;39m [2m:[0;39m Fetching Redis Connection from RedisConnectionFactory
[2m2025-04-11 12:09:10.391[0;39m [32mDEBUG[0;39m [35m37607[0;39m [2m---[0;39m [2m[   scheduling-1][0;39m [36mo.s.d.redis.core.RedisConnectionUtils   [0;39m [2m:[0;39m Closing Redis Connection.
[2m2025-04-11 12:09:15.384[0;39m [32mDEBUG[0;39m [35m37607[0;39m [2m---[0;39m [2m[   scheduling-1][0;39m [36mo.s.d.redis.core.RedisConnectionUtils   [0;39m [2m:[0;39m Fetching Redis Connection from RedisConnectionFactory
[2m2025-04-11 12:09:15.388[0;39m [32mDEBUG[0;39m [35m37607[0;39m [2m---[0;39m [2m[   scheduling-1][0;39m [36mo.s.d.redis.core.RedisConnectionUtils   [0;39m [2m:[0;39m Closing Redis Connection.
[2m2025-04-11 12:09:20.385[0;39m [32mDEBUG[0;39m [35m37607[0;39m [2m---[0;39m [2m[   scheduling-1][0;39m [36mo.s.d.redis.core.RedisConnectionUtils   [0;39m [2m:[0;39m Fetching Redis Connection from RedisConnectionFactory
[2m2025-04-11 12:09:20.390[0;39m [32mDEBUG[0;39m [35m37607[0;39m [2m---[0;39m [2m[   scheduling-1][0;39m [36mo.s.d.redis.core.RedisConnectionUtils   [0;39m [2m:[0;39m Closing Redis Connection.
[2m2025-04-11 12:09:25.387[0;39m [32mDEBUG[0;39m [35m37607[0;39m [2m---[0;39m [2m[   scheduling-1][0;39m [36mo.s.d.redis.core.RedisConnectionUtils   [0;39m [2m:[0;39m Fetching Redis Connection from RedisConnectionFactory
[2m2025-04-11 12:09:25.394[0;39m [32mDEBUG[0;39m [35m37607[0;39m [2m---[0;39m [2m[   scheduling-1][0;39m [36mo.s.d.redis.core.RedisConnectionUtils   [0;39m [2m:[0;39m Closing Redis Connection.
[2m2025-04-11 12:09:30.386[0;39m [32mDEBUG[0;39m [35m37607[0;39m [2m---[0;39m [2m[   scheduling-1][0;39m [36mo.s.d.redis.core.RedisConnectionUtils   [0;39m [2m:[0;39m Fetching Redis Connection from RedisConnectionFactory
[2m2025-04-11 12:09:30.388[0;39m [32mDEBUG[0;39m [35m37607[0;39m [2m---[0;39m [2m[   scheduling-1][0;39m [36mo.s.d.redis.core.RedisConnectionUtils   [0;39m [2m:[0;39m Closing Redis Connection.
[2m2025-04-11 12:09:35.382[0;39m [32mDEBUG[0;39m [35m37607[0;39m [2m---[0;39m [2m[   scheduling-1][0;39m [36mo.s.d.redis.core.RedisConnectionUtils   [0;39m [2m:[0;39m Fetching Redis Connection from RedisConnectionFactory
[2m2025-04-11 12:09:35.385[0;39m [32mDEBUG[0;39m [35m37607[0;39m [2m---[0;39m [2m[   scheduling-1][0;39m [36mo.s.d.redis.core.RedisConnectionUtils   [0;39m [2m:[0;39m Closing Redis Connection.
[2m2025-04-11 12:09:40.382[0;39m [32mDEBUG[0;39m [35m37607[0;39m [2m---[0;39m [2m[   scheduling-1][0;39m [36mo.s.d.redis.core.RedisConnectionUtils   [0;39m [2m:[0;39m Fetching Redis Connection from RedisConnectionFactory
[2m2025-04-11 12:09:40.385[0;39m [32mDEBUG[0;39m [35m37607[0;39m [2m---[0;39m [2m[   scheduling-1][0;39m [36mo.s.d.redis.core.RedisConnectionUtils   [0;39m [2m:[0;39m Closing Redis Connection.
[2m2025-04-11 12:09:45.386[0;39m [32mDEBUG[0;39m [35m37607[0;39m [2m---[0;39m [2m[   scheduling-1][0;39m [36mo.s.d.redis.core.RedisConnectionUtils   [0;39m [2m:[0;39m Fetching Redis Connection from RedisConnectionFactory
[2m2025-04-11 12:09:45.388[0;39m [32mDEBUG[0;39m [35m37607[0;39m [2m---[0;39m [2m[   scheduling-1][0;39m [36mo.s.d.redis.core.RedisConnectionUtils   [0;39m [2m:[0;39m Closing Redis Connection.
[2m2025-04-11 12:09:50.389[0;39m [32mDEBUG[0;39m [35m37607[0;39m [2m---[0;39m [2m[   scheduling-1][0;39m [36mo.s.d.redis.core.RedisConnectionUtils   [0;39m [2m:[0;39m Fetching Redis Connection from RedisConnectionFactory
[2m2025-04-11 12:09:50.396[0;39m [32mDEBUG[0;39m [35m37607[0;39m [2m---[0;39m [2m[   scheduling-1][0;39m [36mo.s.d.redis.core.RedisConnectionUtils   [0;39m [2m:[0;39m Closing Redis Connection.
[2m2025-04-11 12:09:55.386[0;39m [32mDEBUG[0;39m [35m37607[0;39m [2m---[0;39m [2m[   scheduling-1][0;39m [36mo.s.d.redis.core.RedisConnectionUtils   [0;39m [2m:[0;39m Fetching Redis Connection from RedisConnectionFactory
[2m2025-04-11 12:09:55.390[0;39m [32mDEBUG[0;39m [35m37607[0;39m [2m---[0;39m [2m[   scheduling-1][0;39m [36mo.s.d.redis.core.RedisConnectionUtils   [0;39m [2m:[0;39m Closing Redis Connection.
[2m2025-04-11 12:10:00.384[0;39m [32mDEBUG[0;39m [35m37607[0;39m [2m---[0;39m [2m[   scheduling-1][0;39m [36mo.s.d.redis.core.RedisConnectionUtils   [0;39m [2m:[0;39m Fetching Redis Connection from RedisConnectionFactory
[2m2025-04-11 12:10:00.398[0;39m [32mDEBUG[0;39m [35m37607[0;39m [2m---[0;39m [2m[   scheduling-1][0;39m [36mo.s.d.redis.core.RedisConnectionUtils   [0;39m [2m:[0;39m Closing Redis Connection.
[2m2025-04-11 12:10:05.385[0;39m [32mDEBUG[0;39m [35m37607[0;39m [2m---[0;39m [2m[   scheduling-1][0;39m [36mo.s.d.redis.core.RedisConnectionUtils   [0;39m [2m:[0;39m Fetching Redis Connection from RedisConnectionFactory
[2m2025-04-11 12:10:05.387[0;39m [32mDEBUG[0;39m [35m37607[0;39m [2m---[0;39m [2m[   scheduling-1][0;39m [36mo.s.d.redis.core.RedisConnectionUtils   [0;39m [2m:[0;39m Closing Redis Connection.
[2m2025-04-11 12:10:10.384[0;39m [32mDEBUG[0;39m [35m37607[0;39m [2m---[0;39m [2m[   scheduling-1][0;39m [36mo.s.d.redis.core.RedisConnectionUtils   [0;39m [2m:[0;39m Fetching Redis Connection from RedisConnectionFactory
[2m2025-04-11 12:10:10.385[0;39m [32mDEBUG[0;39m [35m37607[0;39m [2m---[0;39m [2m[   scheduling-1][0;39m [36mo.s.d.redis.core.RedisConnectionUtils   [0;39m [2m:[0;39m Closing Redis Connection.
[2m2025-04-11 12:10:15.400[0;39m [32mDEBUG[0;39m [35m37607[0;39m [2m---[0;39m [2m[   scheduling-1][0;39m [36mo.s.d.redis.core.RedisConnectionUtils   [0;39m [2m:[0;39m Fetching Redis Connection from RedisConnectionFactory
[2m2025-04-11 12:10:15.408[0;39m [32mDEBUG[0;39m [35m37607[0;39m [2m---[0;39m [2m[   scheduling-1][0;39m [36mo.s.d.redis.core.RedisConnectionUtils   [0;39m [2m:[0;39m Closing Redis Connection.
[2m2025-04-11 12:10:20.388[0;39m [32mDEBUG[0;39m [35m37607[0;39m [2m---[0;39m [2m[   scheduling-1][0;39m [36mo.s.d.redis.core.RedisConnectionUtils   [0;39m [2m:[0;39m Fetching Redis Connection from RedisConnectionFactory
[2m2025-04-11 12:10:20.392[0;39m [32mDEBUG[0;39m [35m37607[0;39m [2m---[0;39m [2m[   scheduling-1][0;39m [36mo.s.d.redis.core.RedisConnectionUtils   [0;39m [2m:[0;39m Closing Redis Connection.
[2m2025-04-11 12:10:25.386[0;39m [32mDEBUG[0;39m [35m37607[0;39m [2m---[0;39m [2m[   scheduling-1][0;39m [36mo.s.d.redis.core.RedisConnectionUtils   [0;39m [2m:[0;39m Fetching Redis Connection from RedisConnectionFactory
[2m2025-04-11 12:10:25.387[0;39m [32mDEBUG[0;39m [35m37607[0;39m [2m---[0;39m [2m[   scheduling-1][0;39m [36mo.s.d.redis.core.RedisConnectionUtils   [0;39m [2m:[0;39m Closing Redis Connection.
[2m2025-04-11 12:10:30.386[0;39m [32mDEBUG[0;39m [35m37607[0;39m [2m---[0;39m [2m[   scheduling-1][0;39m [36mo.s.d.redis.core.RedisConnectionUtils   [0;39m [2m:[0;39m Fetching Redis Connection from RedisConnectionFactory
[2m2025-04-11 12:10:30.389[0;39m [32mDEBUG[0;39m [35m37607[0;39m [2m---[0;39m [2m[   scheduling-1][0;39m [36mo.s.d.redis.core.RedisConnectionUtils   [0;39m [2m:[0;39m Closing Redis Connection.
[2m2025-04-11 12:10:35.384[0;39m [32mDEBUG[0;39m [35m37607[0;39m [2m---[0;39m [2m[   scheduling-1][0;39m [36mo.s.d.redis.core.RedisConnectionUtils   [0;39m [2m:[0;39m Fetching Redis Connection from RedisConnectionFactory
[2m2025-04-11 12:10:35.385[0;39m [32mDEBUG[0;39m [35m37607[0;39m [2m---[0;39m [2m[   scheduling-1][0;39m [36mo.s.d.redis.core.RedisConnectionUtils   [0;39m [2m:[0;39m Closing Redis Connection.
[2m2025-04-11 12:10:40.382[0;39m [32mDEBUG[0;39m [35m37607[0;39m [2m---[0;39m [2m[   scheduling-1][0;39m [36mo.s.d.redis.core.RedisConnectionUtils   [0;39m [2m:[0;39m Fetching Redis Connection from RedisConnectionFactory
[2m2025-04-11 12:10:40.384[0;39m [32mDEBUG[0;39m [35m37607[0;39m [2m---[0;39m [2m[   scheduling-1][0;39m [36mo.s.d.redis.core.RedisConnectionUtils   [0;39m [2m:[0;39m Closing Redis Connection.
[2m2025-04-11 12:10:45.383[0;39m [32mDEBUG[0;39m [35m37607[0;39m [2m---[0;39m [2m[   scheduling-1][0;39m [36mo.s.d.redis.core.RedisConnectionUtils   [0;39m [2m:[0;39m Fetching Redis Connection from RedisConnectionFactory
[2m2025-04-11 12:10:45.384[0;39m [32mDEBUG[0;39m [35m37607[0;39m [2m---[0;39m [2m[   scheduling-1][0;39m [36mo.s.d.redis.core.RedisConnectionUtils   [0;39m [2m:[0;39m Closing Redis Connection.
[2m2025-04-11 12:10:50.383[0;39m [32mDEBUG[0;39m [35m37607[0;39m [2m---[0;39m [2m[   scheduling-1][0;39m [36mo.s.d.redis.core.RedisConnectionUtils   [0;39m [2m:[0;39m Fetching Redis Connection from RedisConnectionFactory
[2m2025-04-11 12:10:50.387[0;39m [32mDEBUG[0;39m [35m37607[0;39m [2m---[0;39m [2m[   scheduling-1][0;39m [36mo.s.d.redis.core.RedisConnectionUtils   [0;39m [2m:[0;39m Closing Redis Connection.
[2m2025-04-11 12:10:55.382[0;39m [32mDEBUG[0;39m [35m37607[0;39m [2m---[0;39m [2m[   scheduling-1][0;39m [36mo.s.d.redis.core.RedisConnectionUtils   [0;39m [2m:[0;39m Fetching Redis Connection from RedisConnectionFactory
[2m2025-04-11 12:10:55.383[0;39m [32mDEBUG[0;39m [35m37607[0;39m [2m---[0;39m [2m[   scheduling-1][0;39m [36mo.s.d.redis.core.RedisConnectionUtils   [0;39m [2m:[0;39m Closing Redis Connection.
[2m2025-04-11 12:11:00.391[0;39m [32mDEBUG[0;39m [35m37607[0;39m [2m---[0;39m [2m[   scheduling-1][0;39m [36mo.s.d.redis.core.RedisConnectionUtils   [0;39m [2m:[0;39m Fetching Redis Connection from RedisConnectionFactory
[2m2025-04-11 12:11:00.393[0;39m [32mDEBUG[0;39m [35m37607[0;39m [2m---[0;39m [2m[   scheduling-1][0;39m [36mo.s.d.redis.core.RedisConnectionUtils   [0;39m [2m:[0;39m Closing Redis Connection.
[2m2025-04-11 12:11:05.387[0;39m [32mDEBUG[0;39m [35m37607[0;39m [2m---[0;39m [2m[   scheduling-1][0;39m [36mo.s.d.redis.core.RedisConnectionUtils   [0;39m [2m:[0;39m Fetching Redis Connection from RedisConnectionFactory
[2m2025-04-11 12:11:05.388[0;39m [32mDEBUG[0;39m [35m37607[0;39m [2m---[0;39m [2m[   scheduling-1][0;39m [36mo.s.d.redis.core.RedisConnectionUtils   [0;39m [2m:[0;39m Closing Redis Connection.
[2m2025-04-11 12:11:10.385[0;39m [32mDEBUG[0;39m [35m37607[0;39m [2m---[0;39m [2m[   scheduling-1][0;39m [36mo.s.d.redis.core.RedisConnectionUtils   [0;39m [2m:[0;39m Fetching Redis Connection from RedisConnectionFactory
[2m2025-04-11 12:11:10.388[0;39m [32mDEBUG[0;39m [35m37607[0;39m [2m---[0;39m [2m[   scheduling-1][0;39m [36mo.s.d.redis.core.RedisConnectionUtils   [0;39m [2m:[0;39m Closing Redis Connection.
[2m2025-04-11 12:11:15.381[0;39m [32mDEBUG[0;39m [35m37607[0;39m [2m---[0;39m [2m[   scheduling-1][0;39m [36mo.s.d.redis.core.RedisConnectionUtils   [0;39m [2m:[0;39m Fetching Redis Connection from RedisConnectionFactory
[2m2025-04-11 12:11:15.384[0;39m [32mDEBUG[0;39m [35m37607[0;39m [2m---[0;39m [2m[   scheduling-1][0;39m [36mo.s.d.redis.core.RedisConnectionUtils   [0;39m [2m:[0;39m Closing Redis Connection.
[2m2025-04-11 12:11:20.381[0;39m [32mDEBUG[0;39m [35m37607[0;39m [2m---[0;39m [2m[   scheduling-1][0;39m [36mo.s.d.redis.core.RedisConnectionUtils   [0;39m [2m:[0;39m Fetching Redis Connection from RedisConnectionFactory
[2m2025-04-11 12:11:20.383[0;39m [32mDEBUG[0;39m [35m37607[0;39m [2m---[0;39m [2m[   scheduling-1][0;39m [36mo.s.d.redis.core.RedisConnectionUtils   [0;39m [2m:[0;39m Closing Redis Connection.
[2m2025-04-11 12:11:25.385[0;39m [32mDEBUG[0;39m [35m37607[0;39m [2m---[0;39m [2m[   scheduling-1][0;39m [36mo.s.d.redis.core.RedisConnectionUtils   [0;39m [2m:[0;39m Fetching Redis Connection from RedisConnectionFactory
[2m2025-04-11 12:11:25.390[0;39m [32mDEBUG[0;39m [35m37607[0;39m [2m---[0;39m [2m[   scheduling-1][0;39m [36mo.s.d.redis.core.RedisConnectionUtils   [0;39m [2m:[0;39m Closing Redis Connection.
[2m2025-04-11 12:11:30.381[0;39m [32mDEBUG[0;39m [35m37607[0;39m [2m---[0;39m [2m[   scheduling-1][0;39m [36mo.s.d.redis.core.RedisConnectionUtils   [0;39m [2m:[0;39m Fetching Redis Connection from RedisConnectionFactory
[2m2025-04-11 12:11:30.383[0;39m [32mDEBUG[0;39m [35m37607[0;39m [2m---[0;39m [2m[   scheduling-1][0;39m [36mo.s.d.redis.core.RedisConnectionUtils   [0;39m [2m:[0;39m Closing Redis Connection.
[2m2025-04-11 12:11:35.386[0;39m [32mDEBUG[0;39m [35m37607[0;39m [2m---[0;39m [2m[   scheduling-1][0;39m [36mo.s.d.redis.core.RedisConnectionUtils   [0;39m [2m:[0;39m Fetching Redis Connection from RedisConnectionFactory
[2m2025-04-11 12:11:35.388[0;39m [32mDEBUG[0;39m [35m37607[0;39m [2m---[0;39m [2m[   scheduling-1][0;39m [36mo.s.d.redis.core.RedisConnectionUtils   [0;39m [2m:[0;39m Closing Redis Connection.
[2m2025-04-11 12:11:40.385[0;39m [32mDEBUG[0;39m [35m37607[0;39m [2m---[0;39m [2m[   scheduling-1][0;39m [36mo.s.d.redis.core.RedisConnectionUtils   [0;39m [2m:[0;39m Fetching Redis Connection from RedisConnectionFactory
[2m2025-04-11 12:11:40.387[0;39m [32mDEBUG[0;39m [35m37607[0;39m [2m---[0;39m [2m[   scheduling-1][0;39m [36mo.s.d.redis.core.RedisConnectionUtils   [0;39m [2m:[0;39m Closing Redis Connection.
[2m2025-04-11 12:11:45.381[0;39m [32mDEBUG[0;39m [35m37607[0;39m [2m---[0;39m [2m[   scheduling-1][0;39m [36mo.s.d.redis.core.RedisConnectionUtils   [0;39m [2m:[0;39m Fetching Redis Connection from RedisConnectionFactory
[2m2025-04-11 12:11:45.384[0;39m [32mDEBUG[0;39m [35m37607[0;39m [2m---[0;39m [2m[   scheduling-1][0;39m [36mo.s.d.redis.core.RedisConnectionUtils   [0;39m [2m:[0;39m Closing Redis Connection.
[2m2025-04-11 12:11:50.386[0;39m [32mDEBUG[0;39m [35m37607[0;39m [2m---[0;39m [2m[   scheduling-1][0;39m [36mo.s.d.redis.core.RedisConnectionUtils   [0;39m [2m:[0;39m Fetching Redis Connection from RedisConnectionFactory
[2m2025-04-11 12:11:50.388[0;39m [32mDEBUG[0;39m [35m37607[0;39m [2m---[0;39m [2m[   scheduling-1][0;39m [36mo.s.d.redis.core.RedisConnectionUtils   [0;39m [2m:[0;39m Closing Redis Connection.
[2m2025-04-11 12:11:55.386[0;39m [32mDEBUG[0;39m [35m37607[0;39m [2m---[0;39m [2m[   scheduling-1][0;39m [36mo.s.d.redis.core.RedisConnectionUtils   [0;39m [2m:[0;39m Fetching Redis Connection from RedisConnectionFactory
[2m2025-04-11 12:11:55.389[0;39m [32mDEBUG[0;39m [35m37607[0;39m [2m---[0;39m [2m[   scheduling-1][0;39m [36mo.s.d.redis.core.RedisConnectionUtils   [0;39m [2m:[0;39m Closing Redis Connection.
[2m2025-04-11 12:12:00.386[0;39m [32mDEBUG[0;39m [35m37607[0;39m [2m---[0;39m [2m[   scheduling-1][0;39m [36mo.s.d.redis.core.RedisConnectionUtils   [0;39m [2m:[0;39m Fetching Redis Connection from RedisConnectionFactory
[2m2025-04-11 12:12:00.390[0;39m [32mDEBUG[0;39m [35m37607[0;39m [2m---[0;39m [2m[   scheduling-1][0;39m [36mo.s.d.redis.core.RedisConnectionUtils   [0;39m [2m:[0;39m Closing Redis Connection.
[2m2025-04-11 12:12:05.386[0;39m [32mDEBUG[0;39m [35m37607[0;39m [2m---[0;39m [2m[   scheduling-1][0;39m [36mo.s.d.redis.core.RedisConnectionUtils   [0;39m [2m:[0;39m Fetching Redis Connection from RedisConnectionFactory
[2m2025-04-11 12:12:05.389[0;39m [32mDEBUG[0;39m [35m37607[0;39m [2m---[0;39m [2m[   scheduling-1][0;39m [36mo.s.d.redis.core.RedisConnectionUtils   [0;39m [2m:[0;39m Closing Redis Connection.
[2m2025-04-11 12:12:10.386[0;39m [32mDEBUG[0;39m [35m37607[0;39m [2m---[0;39m [2m[   scheduling-1][0;39m [36mo.s.d.redis.core.RedisConnectionUtils   [0;39m [2m:[0;39m Fetching Redis Connection from RedisConnectionFactory
[2m2025-04-11 12:12:10.387[0;39m [32mDEBUG[0;39m [35m37607[0;39m [2m---[0;39m [2m[   scheduling-1][0;39m [36mo.s.d.redis.core.RedisConnectionUtils   [0;39m [2m:[0;39m Closing Redis Connection.
[2m2025-04-11 12:12:15.384[0;39m [32mDEBUG[0;39m [35m37607[0;39m [2m---[0;39m [2m[   scheduling-1][0;39m [36mo.s.d.redis.core.RedisConnectionUtils   [0;39m [2m:[0;39m Fetching Redis Connection from RedisConnectionFactory
[2m2025-04-11 12:12:15.388[0;39m [32mDEBUG[0;39m [35m37607[0;39m [2m---[0;39m [2m[   scheduling-1][0;39m [36mo.s.d.redis.core.RedisConnectionUtils   [0;39m [2m:[0;39m Closing Redis Connection.
[2m2025-04-11 12:12:20.385[0;39m [32mDEBUG[0;39m [35m37607[0;39m [2m---[0;39m [2m[   scheduling-1][0;39m [36mo.s.d.redis.core.RedisConnectionUtils   [0;39m [2m:[0;39m Fetching Redis Connection from RedisConnectionFactory
[2m2025-04-11 12:12:20.388[0;39m [32mDEBUG[0;39m [35m37607[0;39m [2m---[0;39m [2m[   scheduling-1][0;39m [36mo.s.d.redis.core.RedisConnectionUtils   [0;39m [2m:[0;39m Closing Redis Connection.
[2m2025-04-11 12:12:25.384[0;39m [32mDEBUG[0;39m [35m37607[0;39m [2m---[0;39m [2m[   scheduling-1][0;39m [36mo.s.d.redis.core.RedisConnectionUtils   [0;39m [2m:[0;39m Fetching Redis Connection from RedisConnectionFactory
[2m2025-04-11 12:12:25.388[0;39m [32mDEBUG[0;39m [35m37607[0;39m [2m---[0;39m [2m[   scheduling-1][0;39m [36mo.s.d.redis.core.RedisConnectionUtils   [0;39m [2m:[0;39m Closing Redis Connection.
[2m2025-04-11 12:12:30.385[0;39m [32mDEBUG[0;39m [35m37607[0;39m [2m---[0;39m [2m[   scheduling-1][0;39m [36mo.s.d.redis.core.RedisConnectionUtils   [0;39m [2m:[0;39m Fetching Redis Connection from RedisConnectionFactory
[2m2025-04-11 12:12:30.388[0;39m [32mDEBUG[0;39m [35m37607[0;39m [2m---[0;39m [2m[   scheduling-1][0;39m [36mo.s.d.redis.core.RedisConnectionUtils   [0;39m [2m:[0;39m Closing Redis Connection.
[2m2025-04-11 12:12:35.386[0;39m [32mDEBUG[0;39m [35m37607[0;39m [2m---[0;39m [2m[   scheduling-1][0;39m [36mo.s.d.redis.core.RedisConnectionUtils   [0;39m [2m:[0;39m Fetching Redis Connection from RedisConnectionFactory
[2m2025-04-11 12:12:35.390[0;39m [32mDEBUG[0;39m [35m37607[0;39m [2m---[0;39m [2m[   scheduling-1][0;39m [36mo.s.d.redis.core.RedisConnectionUtils   [0;39m [2m:[0;39m Closing Redis Connection.
[2m2025-04-11 12:12:40.384[0;39m [32mDEBUG[0;39m [35m37607[0;39m [2m---[0;39m [2m[   scheduling-1][0;39m [36mo.s.d.redis.core.RedisConnectionUtils   [0;39m [2m:[0;39m Fetching Redis Connection from RedisConnectionFactory
[2m2025-04-11 12:12:40.387[0;39m [32mDEBUG[0;39m [35m37607[0;39m [2m---[0;39m [2m[   scheduling-1][0;39m [36mo.s.d.redis.core.RedisConnectionUtils   [0;39m [2m:[0;39m Closing Redis Connection.
[2m2025-04-11 12:12:45.384[0;39m [32mDEBUG[0;39m [35m37607[0;39m [2m---[0;39m [2m[   scheduling-1][0;39m [36mo.s.d.redis.core.RedisConnectionUtils   [0;39m [2m:[0;39m Fetching Redis Connection from RedisConnectionFactory
[2m2025-04-11 12:12:45.388[0;39m [32mDEBUG[0;39m [35m37607[0;39m [2m---[0;39m [2m[   scheduling-1][0;39m [36mo.s.d.redis.core.RedisConnectionUtils   [0;39m [2m:[0;39m Closing Redis Connection.
[2m2025-04-11 12:12:50.387[0;39m [32mDEBUG[0;39m [35m37607[0;39m [2m---[0;39m [2m[   scheduling-1][0;39m [36mo.s.d.redis.core.RedisConnectionUtils   [0;39m [2m:[0;39m Fetching Redis Connection from RedisConnectionFactory
[2m2025-04-11 12:12:50.393[0;39m [32mDEBUG[0;39m [35m37607[0;39m [2m---[0;39m [2m[   scheduling-1][0;39m [36mo.s.d.redis.core.RedisConnectionUtils   [0;39m [2m:[0;39m Closing Redis Connection.
[2m2025-04-11 12:12:55.384[0;39m [32mDEBUG[0;39m [35m37607[0;39m [2m---[0;39m [2m[   scheduling-1][0;39m [36mo.s.d.redis.core.RedisConnectionUtils   [0;39m [2m:[0;39m Fetching Redis Connection from RedisConnectionFactory
[2m2025-04-11 12:12:55.386[0;39m [32mDEBUG[0;39m [35m37607[0;39m [2m---[0;39m [2m[   scheduling-1][0;39m [36mo.s.d.redis.core.RedisConnectionUtils   [0;39m [2m:[0;39m Closing Redis Connection.
[2m2025-04-11 12:13:00.381[0;39m [32mDEBUG[0;39m [35m37607[0;39m [2m---[0;39m [2m[   scheduling-1][0;39m [36mo.s.d.redis.core.RedisConnectionUtils   [0;39m [2m:[0;39m Fetching Redis Connection from RedisConnectionFactory
[2m2025-04-11 12:13:00.383[0;39m [32mDEBUG[0;39m [35m37607[0;39m [2m---[0;39m [2m[   scheduling-1][0;39m [36mo.s.d.redis.core.RedisConnectionUtils   [0;39m [2m:[0;39m Closing Redis Connection.
[2m2025-04-11 12:13:05.381[0;39m [32mDEBUG[0;39m [35m37607[0;39m [2m---[0;39m [2m[   scheduling-1][0;39m [36mo.s.d.redis.core.RedisConnectionUtils   [0;39m [2m:[0;39m Fetching Redis Connection from RedisConnectionFactory
[2m2025-04-11 12:13:05.386[0;39m [32mDEBUG[0;39m [35m37607[0;39m [2m---[0;39m [2m[   scheduling-1][0;39m [36mo.s.d.redis.core.RedisConnectionUtils   [0;39m [2m:[0;39m Closing Redis Connection.
[2m2025-04-11 12:13:10.385[0;39m [32mDEBUG[0;39m [35m37607[0;39m [2m---[0;39m [2m[   scheduling-1][0;39m [36mo.s.d.redis.core.RedisConnectionUtils   [0;39m [2m:[0;39m Fetching Redis Connection from RedisConnectionFactory
[2m2025-04-11 12:13:10.386[0;39m [32mDEBUG[0;39m [35m37607[0;39m [2m---[0;39m [2m[   scheduling-1][0;39m [36mo.s.d.redis.core.RedisConnectionUtils   [0;39m [2m:[0;39m Closing Redis Connection.
[2m2025-04-11 12:13:15.389[0;39m [32mDEBUG[0;39m [35m37607[0;39m [2m---[0;39m [2m[   scheduling-1][0;39m [36mo.s.d.redis.core.RedisConnectionUtils   [0;39m [2m:[0;39m Fetching Redis Connection from RedisConnectionFactory
[2m2025-04-11 12:13:15.391[0;39m [32mDEBUG[0;39m [35m37607[0;39m [2m---[0;39m [2m[   scheduling-1][0;39m [36mo.s.d.redis.core.RedisConnectionUtils   [0;39m [2m:[0;39m Closing Redis Connection.
[2m2025-04-11 12:13:20.385[0;39m [32mDEBUG[0;39m [35m37607[0;39m [2m---[0;39m [2m[   scheduling-1][0;39m [36mo.s.d.redis.core.RedisConnectionUtils   [0;39m [2m:[0;39m Fetching Redis Connection from RedisConnectionFactory
[2m2025-04-11 12:13:20.390[0;39m [32mDEBUG[0;39m [35m37607[0;39m [2m---[0;39m [2m[   scheduling-1][0;39m [36mo.s.d.redis.core.RedisConnectionUtils   [0;39m [2m:[0;39m Closing Redis Connection.
[2m2025-04-11 12:13:25.383[0;39m [32mDEBUG[0;39m [35m37607[0;39m [2m---[0;39m [2m[   scheduling-1][0;39m [36mo.s.d.redis.core.RedisConnectionUtils   [0;39m [2m:[0;39m Fetching Redis Connection from RedisConnectionFactory
[2m2025-04-11 12:13:25.385[0;39m [32mDEBUG[0;39m [35m37607[0;39m [2m---[0;39m [2m[   scheduling-1][0;39m [36mo.s.d.redis.core.RedisConnectionUtils   [0;39m [2m:[0;39m Closing Redis Connection.
[2m2025-04-11 12:13:30.383[0;39m [32mDEBUG[0;39m [35m37607[0;39m [2m---[0;39m [2m[   scheduling-1][0;39m [36mo.s.d.redis.core.RedisConnectionUtils   [0;39m [2m:[0;39m Fetching Redis Connection from RedisConnectionFactory
[2m2025-04-11 12:13:30.384[0;39m [32mDEBUG[0;39m [35m37607[0;39m [2m---[0;39m [2m[   scheduling-1][0;39m [36mo.s.d.redis.core.RedisConnectionUtils   [0;39m [2m:[0;39m Closing Redis Connection.
[2m2025-04-11 12:13:35.386[0;39m [32mDEBUG[0;39m [35m37607[0;39m [2m---[0;39m [2m[   scheduling-1][0;39m [36mo.s.d.redis.core.RedisConnectionUtils   [0;39m [2m:[0;39m Fetching Redis Connection from RedisConnectionFactory
[2m2025-04-11 12:13:35.394[0;39m [32mDEBUG[0;39m [35m37607[0;39m [2m---[0;39m [2m[   scheduling-1][0;39m [36mo.s.d.redis.core.RedisConnectionUtils   [0;39m [2m:[0;39m Closing Redis Connection.
[2m2025-04-11 12:13:40.385[0;39m [32mDEBUG[0;39m [35m37607[0;39m [2m---[0;39m [2m[   scheduling-1][0;39m [36mo.s.d.redis.core.RedisConnectionUtils   [0;39m [2m:[0;39m Fetching Redis Connection from RedisConnectionFactory
[2m2025-04-11 12:13:40.386[0;39m [32mDEBUG[0;39m [35m37607[0;39m [2m---[0;39m [2m[   scheduling-1][0;39m [36mo.s.d.redis.core.RedisConnectionUtils   [0;39m [2m:[0;39m Closing Redis Connection.
[2m2025-04-11 12:13:45.385[0;39m [32mDEBUG[0;39m [35m37607[0;39m [2m---[0;39m [2m[   scheduling-1][0;39m [36mo.s.d.redis.core.RedisConnectionUtils   [0;39m [2m:[0;39m Fetching Redis Connection from RedisConnectionFactory
[2m2025-04-11 12:13:45.388[0;39m [32mDEBUG[0;39m [35m37607[0;39m [2m---[0;39m [2m[   scheduling-1][0;39m [36mo.s.d.redis.core.RedisConnectionUtils   [0;39m [2m:[0;39m Closing Redis Connection.
[2m2025-04-11 12:13:50.385[0;39m [32mDEBUG[0;39m [35m37607[0;39m [2m---[0;39m [2m[   scheduling-1][0;39m [36mo.s.d.redis.core.RedisConnectionUtils   [0;39m [2m:[0;39m Fetching Redis Connection from RedisConnectionFactory
[2m2025-04-11 12:13:50.387[0;39m [32mDEBUG[0;39m [35m37607[0;39m [2m---[0;39m [2m[   scheduling-1][0;39m [36mo.s.d.redis.core.RedisConnectionUtils   [0;39m [2m:[0;39m Closing Redis Connection.
[2m2025-04-11 12:13:55.385[0;39m [32mDEBUG[0;39m [35m37607[0;39m [2m---[0;39m [2m[   scheduling-1][0;39m [36mo.s.d.redis.core.RedisConnectionUtils   [0;39m [2m:[0;39m Fetching Redis Connection from RedisConnectionFactory
[2m2025-04-11 12:13:55.390[0;39m [32mDEBUG[0;39m [35m37607[0;39m [2m---[0;39m [2m[   scheduling-1][0;39m [36mo.s.d.redis.core.RedisConnectionUtils   [0;39m [2m:[0;39m Closing Redis Connection.
[2m2025-04-11 12:14:00.382[0;39m [32mDEBUG[0;39m [35m37607[0;39m [2m---[0;39m [2m[   scheduling-1][0;39m [36mo.s.d.redis.core.RedisConnectionUtils   [0;39m [2m:[0;39m Fetching Redis Connection from RedisConnectionFactory
[2m2025-04-11 12:14:00.384[0;39m [32mDEBUG[0;39m [35m37607[0;39m [2m---[0;39m [2m[   scheduling-1][0;39m [36mo.s.d.redis.core.RedisConnectionUtils   [0;39m [2m:[0;39m Closing Redis Connection.
[2m2025-04-11 12:14:05.383[0;39m [32mDEBUG[0;39m [35m37607[0;39m [2m---[0;39m [2m[   scheduling-1][0;39m [36mo.s.d.redis.core.RedisConnectionUtils   [0;39m [2m:[0;39m Fetching Redis Connection from RedisConnectionFactory
[2m2025-04-11 12:14:05.384[0;39m [32mDEBUG[0;39m [35m37607[0;39m [2m---[0;39m [2m[   scheduling-1][0;39m [36mo.s.d.redis.core.RedisConnectionUtils   [0;39m [2m:[0;39m Closing Redis Connection.
[2m2025-04-11 12:14:10.385[0;39m [32mDEBUG[0;39m [35m37607[0;39m [2m---[0;39m [2m[   scheduling-1][0;39m [36mo.s.d.redis.core.RedisConnectionUtils   [0;39m [2m:[0;39m Fetching Redis Connection from RedisConnectionFactory
[2m2025-04-11 12:14:10.388[0;39m [32mDEBUG[0;39m [35m37607[0;39m [2m---[0;39m [2m[   scheduling-1][0;39m [36mo.s.d.redis.core.RedisConnectionUtils   [0;39m [2m:[0;39m Closing Redis Connection.
[2m2025-04-11 12:14:15.385[0;39m [32mDEBUG[0;39m [35m37607[0;39m [2m---[0;39m [2m[   scheduling-1][0;39m [36mo.s.d.redis.core.RedisConnectionUtils   [0;39m [2m:[0;39m Fetching Redis Connection from RedisConnectionFactory
[2m2025-04-11 12:14:15.390[0;39m [32mDEBUG[0;39m [35m37607[0;39m [2m---[0;39m [2m[   scheduling-1][0;39m [36mo.s.d.redis.core.RedisConnectionUtils   [0;39m [2m:[0;39m Closing Redis Connection.
[2m2025-04-11 12:14:20.384[0;39m [32mDEBUG[0;39m [35m37607[0;39m [2m---[0;39m [2m[   scheduling-1][0;39m [36mo.s.d.redis.core.RedisConnectionUtils   [0;39m [2m:[0;39m Fetching Redis Connection from RedisConnectionFactory
[2m2025-04-11 12:14:20.387[0;39m [32mDEBUG[0;39m [35m37607[0;39m [2m---[0;39m [2m[   scheduling-1][0;39m [36mo.s.d.redis.core.RedisConnectionUtils   [0;39m [2m:[0;39m Closing Redis Connection.
[2m2025-04-11 12:14:25.381[0;39m [32mDEBUG[0;39m [35m37607[0;39m [2m---[0;39m [2m[   scheduling-1][0;39m [36mo.s.d.redis.core.RedisConnectionUtils   [0;39m [2m:[0;39m Fetching Redis Connection from RedisConnectionFactory
[2m2025-04-11 12:14:25.383[0;39m [32mDEBUG[0;39m [35m37607[0;39m [2m---[0;39m [2m[   scheduling-1][0;39m [36mo.s.d.redis.core.RedisConnectionUtils   [0;39m [2m:[0;39m Closing Redis Connection.
[2m2025-04-11 12:14:26.111[0;39m [32mDEBUG[0;39m [35m37607[0;39m [2m---[0;39m [2m[nio-8081-exec-8][0;39m [36mo.s.d.redis.core.RedisConnectionUtils   [0;39m [2m:[0;39m Fetching Redis Connection from RedisConnectionFactory
[2m2025-04-11 12:14:26.123[0;39m [32mDEBUG[0;39m [35m37607[0;39m [2m---[0;39m [2m[nio-8081-exec-8][0;39m [36mo.s.d.redis.core.RedisConnectionUtils   [0;39m [2m:[0;39m Closing Redis Connection.
[2m2025-04-11 12:14:30.382[0;39m [32mDEBUG[0;39m [35m37607[0;39m [2m---[0;39m [2m[   scheduling-1][0;39m [36mo.s.d.redis.core.RedisConnectionUtils   [0;39m [2m:[0;39m Fetching Redis Connection from RedisConnectionFactory
[2m2025-04-11 12:14:30.384[0;39m [32mDEBUG[0;39m [35m37607[0;39m [2m---[0;39m [2m[   scheduling-1][0;39m [36mo.s.d.redis.core.RedisConnectionUtils   [0;39m [2m:[0;39m Closing Redis Connection.
[2m2025-04-11 12:14:30.439[0;39m [32mDEBUG[0;39m [35m37607[0;39m [2m---[0;39m [2m[io-8081-exec-10][0;39m [36mo.s.d.redis.core.RedisConnectionUtils   [0;39m [2m:[0;39m Fetching Redis Connection from RedisConnectionFactory
[2m2025-04-11 12:14:30.444[0;39m [32mDEBUG[0;39m [35m37607[0;39m [2m---[0;39m [2m[io-8081-exec-10][0;39m [36mo.s.d.redis.core.RedisConnectionUtils   [0;39m [2m:[0;39m Closing Redis Connection.
[2m2025-04-11 12:14:33.785[0;39m [32mDEBUG[0;39m [35m37607[0;39m [2m---[0;39m [2m[nio-8081-exec-1][0;39m [36mo.s.d.redis.core.RedisConnectionUtils   [0;39m [2m:[0;39m Fetching Redis Connection from RedisConnectionFactory
[2m2025-04-11 12:14:33.789[0;39m [32mDEBUG[0;39m [35m37607[0;39m [2m---[0;39m [2m[nio-8081-exec-1][0;39m [36mo.s.d.redis.core.RedisConnectionUtils   [0;39m [2m:[0;39m Closing Redis Connection.
[2m2025-04-11 12:14:35.384[0;39m [32mDEBUG[0;39m [35m37607[0;39m [2m---[0;39m [2m[   scheduling-1][0;39m [36mo.s.d.redis.core.RedisConnectionUtils   [0;39m [2m:[0;39m Fetching Redis Connection from RedisConnectionFactory
[2m2025-04-11 12:14:35.385[0;39m [32mDEBUG[0;39m [35m37607[0;39m [2m---[0;39m [2m[   scheduling-1][0;39m [36mo.s.d.redis.core.RedisConnectionUtils   [0;39m [2m:[0;39m Closing Redis Connection.
Processing job for user: user123
[2m2025-04-11 12:14:35.386[0;39m [32mDEBUG[0;39m [35m37607[0;39m [2m---[0;39m [2m[   scheduling-1][0;39m [36mo.s.d.redis.core.RedisConnectionUtils   [0;39m [2m:[0;39m Fetching Redis Connection from RedisConnectionFactory
[2m2025-04-11 12:14:35.388[0;39m [32mDEBUG[0;39m [35m37607[0;39m [2m---[0;39m [2m[   scheduling-1][0;39m [36mo.s.d.redis.core.RedisConnectionUtils   [0;39m [2m:[0;39m Closing Redis Connection.
[2m2025-04-11 12:14:35.389[0;39m [32mDEBUG[0;39m [35m37607[0;39m [2m---[0;39m [2m[   scheduling-1][0;39m [36mo.s.d.redis.core.RedisConnectionUtils   [0;39m [2m:[0;39m Fetching Redis Connection from RedisConnectionFactory
[2m2025-04-11 12:14:35.390[0;39m [32mDEBUG[0;39m [35m37607[0;39m [2m---[0;39m [2m[   scheduling-1][0;39m [36mo.s.d.redis.core.RedisConnectionUtils   [0;39m [2m:[0;39m Closing Redis Connection.
[2m2025-04-11 12:14:35.390[0;39m [32mDEBUG[0;39m [35m37607[0;39m [2m---[0;39m [2m[   scheduling-1][0;39m [36mo.s.d.redis.core.RedisConnectionUtils   [0;39m [2m:[0;39m Fetching Redis Connection from RedisConnectionFactory
[2m2025-04-11 12:14:35.393[0;39m [32mDEBUG[0;39m [35m37607[0;39m [2m---[0;39m [2m[   scheduling-1][0;39m [36mo.s.d.redis.core.RedisConnectionUtils   [0;39m [2m:[0;39m Closing Redis Connection.
[2m2025-04-11 12:14:40.386[0;39m [32mDEBUG[0;39m [35m37607[0;39m [2m---[0;39m [2m[   scheduling-1][0;39m [36mo.s.d.redis.core.RedisConnectionUtils   [0;39m [2m:[0;39m Fetching Redis Connection from RedisConnectionFactory
[2m2025-04-11 12:14:40.388[0;39m [32mDEBUG[0;39m [35m37607[0;39m [2m---[0;39m [2m[   scheduling-1][0;39m [36mo.s.d.redis.core.RedisConnectionUtils   [0;39m [2m:[0;39m Closing Redis Connection.
[2m2025-04-11 12:14:45.381[0;39m [32mDEBUG[0;39m [35m37607[0;39m [2m---[0;39m [2m[   scheduling-1][0;39m [36mo.s.d.redis.core.RedisConnectionUtils   [0;39m [2m:[0;39m Fetching Redis Connection from RedisConnectionFactory
[2m2025-04-11 12:14:45.382[0;39m [32mDEBUG[0;39m [35m37607[0;39m [2m---[0;39m [2m[   scheduling-1][0;39m [36mo.s.d.redis.core.RedisConnectionUtils   [0;39m [2m:[0;39m Closing Redis Connection.
[2m2025-04-11 12:14:45.666[0;39m [32mDEBUG[0;39m [35m37607[0;39m [2m---[0;39m [2m[ionShutdownHook][0;39m [36mo.s.d.r.l.RedisMessageListenerContainer [0;39m [2m:[0;39m Stopped RedisMessageListenerContainer.
